Sync Explicit (1): qt5ct-1.7-1
resolving dependencies...
looking for conflicting packages...

Packages (1) qt5ct-1.7-1

Total Download Size:   0.21 MiB
Total Installed Size:  0.87 MiB

:: Proceed with installation? [Y/n] 
:: Retrieving packages...
 qt5ct-1.7-1-x86_64 downloading...
checking keyring...
checking package integrity...
loading package files...
checking for file conflicts...
checking available disk space...
:: Processing package changes...
installing qt5ct...
:: Running post-transaction hooks...
(1/2) Arming ConditionNeedsUpdate...
(2/2) Updating the desktop file MIME type cache...
Sync Explicit (1): qt6ct-0.8-5
resolving dependencies...
looking for conflicting packages...

Packages (2) qt6-svg-6.5.1-1  qt6ct-0.8-5

Total Download Size:   0.41 MiB
Total Installed Size:  1.34 MiB

:: Proceed with installation? [Y/n] 
:: Retrieving packages...
 qt6-svg-6.5.1-1-x86_64 downloading...
 qt6ct-0.8-5-x86_64 downloading...
checking keyring...
checking package integrity...
loading package files...
checking for file conflicts...
checking available disk space...
:: Processing package changes...
installing qt6-svg...
installing qt6ct...
:: Running post-transaction hooks...
(1/2) Arming ConditionNeedsUpdate...
(2/2) Updating the desktop file MIME type cache...
Sync Explicit (1): polkit-gnome-0.105-10
resolving dependencies...
looking for conflicting packages...

Packages (1) polkit-gnome-0.105-10

Total Download Size:   0.06 MiB
Total Installed Size:  0.33 MiB

:: Proceed with installation? [Y/n] 
:: Retrieving packages...
 polkit-gnome-0.105-10-x86_64 downloading...
checking keyring...
checking package integrity...
loading package files...
checking for file conflicts...
checking available disk space...
:: Processing package changes...
installing polkit-gnome...
:: Running post-transaction hooks...
(1/2) Arming ConditionNeedsUpdate...
(2/2) Updating the desktop file MIME type cache...
Sync Explicit (1): jq-1.6-4
resolving dependencies...
looking for conflicting packages...

Packages (2) oniguruma-6.9.8-1  jq-1.6-4

Total Download Size:   0.43 MiB
Total Installed Size:  1.53 MiB

:: Proceed with installation? [Y/n] 
:: Retrieving packages...
 jq-1.6-4-x86_64 downloading...
 oniguruma-6.9.8-1-x86_64 downloading...
checking keyring...
checking package integrity...
loading package files...
checking for file conflicts...
checking available disk space...
:: Processing package changes...
installing oniguruma...
installing jq...
:: Running post-transaction hooks...
(1/1) Arming ConditionNeedsUpdate...
Sync Explicit (1): gcc12-12.3.0-1
resolving dependencies...
looking for conflicting packages...

Packages (2) gcc12-libs-12.3.0-1  gcc12-12.3.0-1

Total Download Size:    51.62 MiB
Total Installed Size:  205.92 MiB

:: Proceed with installation? [Y/n] 
:: Retrieving packages...
 gcc12-12.3.0-1-x86_64 downloading...
 gcc12-libs-12.3.0-1-x86_64 downloading...
checking keyring...
checking package integrity...
loading package files...
checking for file conflicts...
checking available disk space...
:: Processing package changes...
installing gcc12-libs...
installing gcc12...
:: Running post-transaction hooks...
(1/1) Arming ConditionNeedsUpdate...
Sync Explicit (1): wl-clipboard-1:2.1.0-3
resolving dependencies...
looking for conflicting packages...

Packages (1) wl-clipboard-1:2.1.0-3

Total Download Size:   0.03 MiB
Total Installed Size:  0.10 MiB

:: Proceed with installation? [Y/n] 
:: Retrieving packages...
 wl-clipboard-1:2.1.0-3-x86_64 downloading...
checking keyring...
checking package integrity...
loading package files...
checking for file conflicts...
checking available disk space...
:: Processing package changes...
installing wl-clipboard...
Optional dependencies for wl-clipboard
    xdg-utils: for content type inference in wl-copy [installed]
    mailcap: for type inference in wl-paste [installed]
:: Running post-transaction hooks...
(1/1) Arming ConditionNeedsUpdate...
Sync Explicit (1): cliphist-1:0.4.0-2
resolving dependencies...
looking for conflicting packages...

Packages (1) cliphist-1:0.4.0-2

Total Download Size:   0.65 MiB
Total Installed Size:  1.75 MiB

:: Proceed with installation? [Y/n] 
:: Retrieving packages...
 cliphist-1:0.4.0-2-x86_64 downloading...
checking keyring...
checking package integrity...
loading package files...
checking for file conflicts...
checking available disk space...
:: Processing package changes...
installing cliphist...
Optional dependencies for cliphist
    xdg-utils: image and mime inferance [installed]
:: Running post-transaction hooks...
(1/1) Arming ConditionNeedsUpdate...
Sync Explicit (1): python-requests-2.28.2-4
resolving dependencies...
looking for conflicting packages...

Packages (4) python-chardet-5.1.0-3  python-idna-3.4-3  python-urllib3-1.26.15-1  python-requests-2.28.2-4

Total Download Size:   0.69 MiB
Total Installed Size:  5.65 MiB

:: Proceed with installation? [Y/n] 
:: Retrieving packages...
 python-chardet-5.1.0-3-any downloading...
 python-urllib3-1.26.15-1-any downloading...
 python-requests-2.28.2-4-any downloading...
 python-idna-3.4-3-any downloading...
checking keyring...
checking package integrity...
loading package files...
checking for file conflicts...
checking available disk space...
:: Processing package changes...
installing python-urllib3...
Optional dependencies for python-urllib3
    python-brotli: Brotli support
    python-certifi: security support
    python-cryptography: security support
    python-idna: security support [pending]
    python-pyopenssl: security support
    python-pysocks: SOCKS support
installing python-chardet...
installing python-idna...
installing python-requests...
Optional dependencies for python-requests
    python-pysocks: SOCKS proxy support
:: Running post-transaction hooks...
(1/1) Arming ConditionNeedsUpdate...
Sync Explicit (1): pacman-contrib-1.9.0-1
resolving dependencies...
looking for conflicting packages...

Packages (1) pacman-contrib-1.9.0-1

Total Download Size:   0.05 MiB
Total Installed Size:  0.12 MiB

:: Proceed with installation? [Y/n] 
:: Retrieving packages...
 pacman-contrib-1.9.0-1-x86_64 downloading...
checking keyring...
checking package integrity...
loading package files...
checking for file conflicts...
checking available disk space...
:: Processing package changes...
installing pacman-contrib...
Optional dependencies for pacman-contrib
    diffutils: for pacdiff [installed]
    findutils: for pacdiff --find [installed]
    mlocate: for pacdiff --locate
    sudo: privilege elevation for several scripts [installed]
    vim: default merge program for pacdiff [installed]
:: Running post-transaction hooks...
(1/2) Reloading system manager configuration...
(2/2) Arming ConditionNeedsUpdate...
Sync Explicit (1): mako-1.8.0-1
resolving dependencies...
looking for conflicting packages...

Packages (1) mako-1.8.0-1

Total Download Size:   0.05 MiB
Total Installed Size:  0.12 MiB

:: Proceed with installation? [Y/n] 
:: Retrieving packages...
 mako-1.8.0-1-x86_64 downloading...
checking keyring...
checking package integrity...
loading package files...
checking for file conflicts...
checking available disk space...
:: Processing package changes...
installing mako...
Optional dependencies for mako
    jq: support for 'makoctl menu' [installed]
:: Running post-transaction hooks...
(1/1) Arming ConditionNeedsUpdate...
Sync Dependency (7): libappindicator-gtk3-12.10.0.r298-1, fmt-9.1.0-4, spdlog-1.11.0-2, sndio-1.9.0-1, jsoncpp-1.9.5-2, chrono-date-3.0.1-3, libmpdclient-2.20-3
Sync Make Dependency (4): cmake-3.26.4-1, catch2-2.13.9-1, meson-1.1.1-1, scdoc-1.11.2-5
AUR Explicit (1): waybar-hyprland-0.9.17-1
:: [1m(1/1) Downloaded PKGBUILD: waybar-hyprland[0m
  1 waybar-hyprland                          (Build Files Exist)
==> Packages to cleanBuild?
==> [N]one [A]ll [Ab]ort [I]nstalled [No]tInstalled or (1 2 3, 1-3, ^4)
==> 
  1 waybar-hyprland                          (Build Files Exist)
==> Diffs to show?
==> [N]one [A]ll [Ab]ort [I]nstalled [No]tInstalled or (1 2 3, 1-3, ^4)
==> 
==> Making package: waybar-hyprland 0.9.17-1 (Sat 03 Jun 2023 06:07:18 PM CEST)
==> Retrieving sources...
  -> Downloading waybar-hyprland-0.9.17.tar.gz...
  % Total    % Received % Xferd  Average Speed   Time    Time     Time  Current
                                 Dload  Upload   Total   Spent    Left  Speed
  0     0    0     0    0     0      0      0 --:--:-- --:--:-- --:--:--     0  0     0    0     0    0     0      0      0 --:--:-- --:--:-- --:--:--     0
100 97031    0 97031    0     0   125k      0 --:--:-- --:--:-- --:--:--  125k100  215k    0  215k    0     0   268k      0 --:--:-- --:--:-- --:--:-- 2418k
==> Validating source files with sha256sums...
    waybar-hyprland-0.9.17.tar.gz ... Passed
:: [1m(1/1) Parsing SRCINFO: waybar-hyprland[0m
resolving dependencies...
looking for conflicting packages...

Packages (17) libindicator-gtk3-12.10.1-10  libuv-1.44.2-1  ninja-1.11.1-3  python-tqdm-4.65.0-3  python-typing_extensions-4.6.2-1  rhash-1.4.3-1  catch2-2.13.9-1  chrono-date-3.0.1-3  cmake-3.26.4-1  fmt-9.1.0-4  jsoncpp-1.9.5-2  libappindicator-gtk3-12.10.0.r298-1  libmpdclient-2.20-3  meson-1.1.1-1  scdoc-1.11.2-5  sndio-1.9.0-1  spdlog-1.11.0-2

Total Download Size:    1.17 MiB
Total Installed Size:  87.22 MiB

:: Proceed with installation? [Y/n] 
:: Retrieving packages...
 fmt-9.1.0-4-x86_64 downloading...
 catch2-2.13.9-1-any downloading...
 spdlog-1.11.0-2-x86_64 downloading...
 sndio-1.9.0-1-x86_64 downloading...
 libmpdclient-2.20-3-x86_64 downloading...
 chrono-date-3.0.1-3-x86_64 downloading...
 libappindicator-gtk3-12.10.0.r298-1-x86_64 downloading...
 libindicator-gtk3-12.10.1-10-x86_64 downloading...
 scdoc-1.11.2-5-x86_64 downloading...
checking keyring...
checking package integrity...
loading package files...
checking for file conflicts...
checking available disk space...
:: Processing package changes...
installing jsoncpp...
Optional dependencies for jsoncpp
    jsoncpp-doc: documentation
installing libuv...
installing rhash...
installing cmake...
Optional dependencies for cmake
    qt6-base: cmake-gui [installed]
installing libmpdclient...
installing fmt...
installing spdlog...
installing ninja...
installing python-tqdm...
Optional dependencies for python-tqdm
    python-requests: telegram [installed]
installing python-typing_extensions...
installing meson...
installing libindicator-gtk3...
installing libappindicator-gtk3...
installing scdoc...
installing sndio...
installing chrono-date...
installing catch2...
:: Running post-transaction hooks...
(1/5) Reloading system manager configuration...
(2/5) Arming ConditionNeedsUpdate...
(3/5) Updating the MIME type database...
(4/5) Updating icon theme caches...
(5/5) Updating the desktop file MIME type cache...
==> Making package: waybar-hyprland 0.9.17-1 (Sat 03 Jun 2023 06:07:36 PM CEST)
==> Checking runtime dependencies...
==> Checking buildtime dependencies...
==> Retrieving sources...
  -> Found waybar-hyprland-0.9.17.tar.gz
==> Validating source files with sha256sums...
    waybar-hyprland-0.9.17.tar.gz ... Passed
==> Removing existing $srcdir/ directory...
==> Extracting sources...
  -> Extracting waybar-hyprland-0.9.17.tar.gz with bsdtar
==> Sources are ready.
==> Making package: waybar-hyprland 0.9.17-1 (Sat 03 Jun 2023 06:07:38 PM CEST)
==> Checking runtime dependencies...
==> Checking buildtime dependencies...
==> WARNING: Using existing $srcdir/ tree
==> Starting build()...
The Meson build system
Version: 1.1.1
Source dir: /home/jonathan/.cache/yay/waybar-hyprland/src/Waybar-0.9.17
Build dir: /home/jonathan/.cache/yay/waybar-hyprland/src/Waybar-0.9.17/build
Build type: native build
Project name: waybar
Project version: 0.9.17
C compiler for the host machine: gcc-12 (gcc 12.3.0 "gcc-12 (GCC) 12.3.0")
C linker for the host machine: gcc-12 ld.bfd 2.40.0
C++ compiler for the host machine: g++-12 (gcc 12.3.0 "g++-12 (GCC) 12.3.0")
C++ linker for the host machine: g++-12 ld.bfd 2.40.0
Host machine cpu family: x86_64
Host machine cpu: x86_64
Compiler for C++ supports link arguments -lc++fs: NO 
Compiler for C++ supports link arguments -lc++experimental: NO 
Compiler for C++ supports link arguments -lstdc++fs: YES 
Program git found: YES (/usr/bin/git)
WARNING: You should add the boolean check kwarg to the run_command call.
         It currently defaults to false,
         but it will default to true in future releases of meson.
         See also: https://github.com/mesonbuild/meson/issues/9300
Has header "filesystem" : YES 
Checking if "nl_langinfo with _NL_TIME_WEEK_1STDAY, _NL_TIME_FIRST_WEEKDAY" : links: YES 
Run-time dependency threads found: YES
Found pkg-config: /usr/bin/pkg-config (1.8.1)
Run-time dependency fmt found: YES 9.1.0
Run-time dependency spdlog found: YES 1.11.0
Run-time dependency wayland-client found: YES 1.22.0
Run-time dependency wayland-cursor found: YES 1.22.0
Run-time dependency wayland-protocols found: YES 1.31
Run-time dependency gtkmm-3.0 found: YES 3.24.7
Run-time dependency dbusmenu-gtk3-0.4 found: YES 16.04.0
Run-time dependency gio-unix-2.0 found: YES 2.76.3
Run-time dependency jsoncpp found: YES 1.9.4
Run-time dependency sigc++-2.0 found: YES 2.12.0
Found CMake: /usr/bin/cmake (3.26.4)
Run-time dependency libinotify found: NO (tried pkgconfig and cmake)
Run-time dependency epoll-shim found: NO (tried pkgconfig and cmake)
Run-time dependency libinput found: YES 1.23.0
Run-time dependency libnl-3.0 found: YES 3.7.0
Run-time dependency libnl-genl-3.0 found: YES 3.7.0
Run-time dependency upower-glib found: YES 1.90.0
Run-time dependency playerctl found: YES 2.4.1
Run-time dependency libpulse found: YES 16.1
Run-time dependency libudev found: YES 253
Run-time dependency libevdev found: YES 1.13.1
Run-time dependency libmpdclient found: YES 2.20
Run-time dependency xkbregistry found: YES 1.5.0
Run-time dependency jack found: YES 1.9.17
Run-time dependency wireplumber-0.4 found: YES 0.4.14
Library sndio found: YES
Checking for function "sioctl_open" with dependency -lsndio: YES 
Run-time dependency gtk-layer-shell-0 found: YES 0.8.1
Run-time dependency systemd found: YES 253
Run-time dependency date found: YES
Configuring waybar.service using configuration
Program wayland-scanner found: YES (/usr/bin/wayland-scanner)
Program gdbus-codegen found: YES (/usr/bin/gdbus-codegen)
Found pkg-config: /usr/bin/pkg-config (1.8.1)
Build-time dependency scdoc found: YES 1.11.2
Program /usr/bin/scdoc found: YES (/usr/bin/scdoc)
Program sh found: YES (/usr/bin/sh)
Configuring waybar.5.scd using configuration
meson.build:434: WARNING: Source item '/home/jonathan/.cache/yay/waybar-hyprland/src/Waybar-0.9.17/build/waybar.5.scd' cannot be converted to File object, because it is a generated file. This will become a hard error in the future.
Dependency catch2 skipped: feature tests disabled
Program clang-tidy found: NO
Build targets in project: 37
NOTICE: Future-deprecated features used:
 * 0.55.0: {'ExternalProgram.path'}
 * 0.56.0: {'dependency.get_pkgconfig_variable', 'meson.build_root', 'meson.source_root'}

waybar 0.9.17

  User defined options
    auto_features: enabled
    buildtype    : plain
    prefix       : /usr
    wrap_mode    : nodownload
    tests        : disabled

Found ninja-1.11.1 at /usr/bin/ninja
Generating targets:   0%|                                                    | 0/37 [00:00<?, ?it/s]                                                                                                    Writing build.ninja:   0%|                                                  | 0/159 [00:00<?, ?it/s]                                                                                                    WARNING: Running the setup command as `meson [options]` instead of `meson setup [options]` is ambiguous and deprecated.
ninja: Entering directory `build'
[0/1] Regenerating build files.
The Meson build system
Version: 1.1.1
Source dir: /home/jonathan/.cache/yay/waybar-hyprland/src/Waybar-0.9.17
Build dir: /home/jonathan/.cache/yay/waybar-hyprland/src/Waybar-0.9.17/build
Build type: native build
Project name: waybar
Project version: 0.9.17
C compiler for the host machine: gcc-12 (gcc 12.3.0 "gcc-12 (GCC) 12.3.0")
C linker for the host machine: gcc-12 ld.bfd 2.40.0
C++ compiler for the host machine: g++-12 (gcc 12.3.0 "g++-12 (GCC) 12.3.0")
C++ linker for the host machine: g++-12 ld.bfd 2.40.0
Host machine cpu family: x86_64
Host machine cpu: x86_64
Compiler for C++ supports link arguments -lc++fs: NO (cached)
Compiler for C++ supports link arguments -lc++experimental: NO (cached)
Compiler for C++ supports link arguments -lstdc++fs: YES (cached)
Program git found: YES (/usr/bin/git)
WARNING: You should add the boolean check kwarg to the run_command call.
         It currently defaults to false,
         but it will default to true in future releases of meson.
         See also: https://github.com/mesonbuild/meson/issues/9300
Has header "filesystem" : YES (cached)
Checking if "nl_langinfo with _NL_TIME_WEEK_1STDAY, _NL_TIME_FIRST_WEEKDAY" : links: YES (cached)
Dependency threads found: YES unknown (cached)
Dependency fmt found: YES 9.1.0 (cached)
Dependency spdlog found: YES 1.11.0 (cached)
Dependency wayland-client found: YES 1.22.0 (cached)
Dependency wayland-cursor found: YES 1.22.0 (cached)
Dependency wayland-protocols found: YES 1.31 (cached)
Dependency gtkmm-3.0 found: YES 3.24.7 (cached)
Dependency dbusmenu-gtk3-0.4 found: YES 16.04.0 (cached)
Dependency gio-unix-2.0 found: YES 2.76.3 (cached)
Dependency jsoncpp found: YES 1.9.4 (cached)
Dependency sigc++-2.0 found: YES 2.12.0 (cached)
Found pkg-config: /usr/bin/pkg-config (1.8.1)
Found CMake: /usr/bin/cmake (3.26.4)
Run-time dependency libinotify found: NO (tried pkgconfig and cmake)
Run-time dependency epoll-shim found: NO (tried pkgconfig and cmake)
Dependency libinput found: YES 1.23.0 (cached)
Dependency libnl-3.0 found: YES 3.7.0 (cached)
Dependency libnl-genl-3.0 found: YES 3.7.0 (cached)
Dependency upower-glib found: YES 1.90.0 (cached)
Dependency playerctl found: YES 2.4.1 (cached)
Dependency libpulse found: YES 16.1 (cached)
Dependency libudev found: YES 253 (cached)
Dependency libevdev found: YES 1.13.1 (cached)
Dependency libmpdclient found: YES 2.20 (cached)
Dependency xkbregistry found: YES 1.5.0 (cached)
Dependency jack found: YES 1.9.17 (cached)
Dependency wireplumber-0.4 found: YES 0.4.14 (cached)
Library sndio found: YES
Checking for function "sioctl_open" with dependency -lsndio: YES (cached)
Dependency gtk-layer-shell-0 found: YES 0.8.1 (cached)
Dependency systemd found: YES 253 (cached)
Dependency date (modules: date::date, date::date-tz) found: YES unknown (cached)
Configuring waybar.service using configuration
Program wayland-scanner found: YES (/usr/bin/wayland-scanner)
Program gdbus-codegen found: YES (/usr/bin/gdbus-codegen)
Dependency scdoc found: YES 1.11.2 (cached)
Program /usr/bin/scdoc found: YES (/usr/bin/scdoc)
Program sh found: YES (/usr/bin/sh)
Configuring waybar.5.scd using configuration
../meson.build:434: WARNING: Source item '/home/jonathan/.cache/yay/waybar-hyprland/src/Waybar-0.9.17/build/waybar.5.scd' cannot be converted to File object, because it is a generated file. This will become a hard error in the future.
Dependency catch2 skipped: feature tests disabled
Program clang-tidy found: NO
Build targets in project: 37
NOTICE: Future-deprecated features used:
 * 0.55.0: {'ExternalProgram.path'}
 * 0.56.0: {'dependency.get_pkgconfig_variable', 'meson.build_root', 'meson.source_root'}

waybar 0.9.17

  User defined options
    auto_features: enabled
    buildtype    : plain
    prefix       : /usr
    wrap_mode    : nodownload
    experimental : true
    tests        : disabled

Found ninja-1.11.1 at /usr/bin/ninja
Generating targets:   0%|                                                    | 0/37 [00:00<?, ?it/s]                                                                                                    Writing build.ninja:   0%|                                                  | 0/159 [00:00<?, ?it/s]                                                                                                    [1/133] Generating 'protocol/libclient_protos.a.p/xdg-shell-protocol.c'.
[2/133] Generating 'protocol/libclient_protos.a.p/xdg-output-unstable-v1-protocol.c'.
[3/133] Generating 'protocol/libclient_protos.a.p/idle-inhibit-unstable-v1-protocol.c'.
[4/133] Generating 'protocol/libclient_protos.a.p/wlr-layer-shell-unstable-v1-protocol.c'.
[5/133] Generating 'protocol/libclient_protos.a.p/wlr-foreign-toplevel-management-unstable-v1-protocol.c'.
[6/133] Generating 'protocol/libclient_protos.a.p/ext-workspace-unstable-v1-protocol.c'.
[7/133] Generating 'protocol/libclient_protos.a.p/river-status-unstable-v1-protocol.c'.
[8/133] Generating protocol/dbus-status-notifier-item.[ch] with a custom command
[9/133] Generating 'protocol/libclient_protos.a.p/river-control-unstable-v1-protocol.c'.
[10/133] Generating protocol/dbus-menu.[ch] with a custom command
[11/133] Generating 'protocol/libclient_protos.a.p/xdg-shell-client-protocol.h'.
[12/133] Generating protocol/dbus-status-notifier-watcher.[ch] with a custom command
[13/133] Generating 'protocol/libclient_protos.a.p/xdg-output-unstable-v1-client-protocol.h'.
[14/133] Generating 'protocol/libclient_protos.a.p/idle-inhibit-unstable-v1-client-protocol.h'.
[15/133] Generating 'protocol/libclient_protos.a.p/wlr-layer-shell-unstable-v1-client-protocol.h'.
[16/133] Generating 'protocol/libclient_protos.a.p/wlr-foreign-toplevel-management-unstable-v1-client-protocol.h'.
[17/133] Generating 'protocol/libclient_protos.a.p/ext-workspace-unstable-v1-client-protocol.h'.
[18/133] Generating 'protocol/libclient_protos.a.p/river-status-unstable-v1-client-protocol.h'.
[19/133] Generating 'protocol/libclient_protos.a.p/river-control-unstable-v1-client-protocol.h'.
[20/133] Generating 'waybar.p/xdg-shell-client-protocol.h'.
[21/133] Generating 'waybar.p/xdg-output-unstable-v1-client-protocol.h'.
[22/133] Generating 'waybar.p/idle-inhibit-unstable-v1-client-protocol.h'.
[23/133] Generating 'waybar.p/wlr-layer-shell-unstable-v1-client-protocol.h'.
[24/133] Generating 'waybar.p/wlr-foreign-toplevel-management-unstable-v1-client-protocol.h'.
[25/133] Compiling C object protocol/libclient_protos.a.p/meson-generated_xdg-shell-protocol.c.o
[26/133] Compiling C object protocol/libclient_protos.a.p/meson-generated_ext-workspace-unstable-v1-protocol.c.o
[27/133] Compiling C object protocol/libclient_protos.a.p/meson-generated_idle-inhibit-unstable-v1-protocol.c.o
[28/133] Compiling C object protocol/libclient_protos.a.p/meson-generated_xdg-output-unstable-v1-protocol.c.o
[29/133] Compiling C object protocol/libclient_protos.a.p/meson-generated_wlr-foreign-toplevel-management-unstable-v1-protocol.c.o
[30/133] Compiling C object protocol/libclient_protos.a.p/meson-generated_wlr-layer-shell-unstable-v1-protocol.c.o
[31/133] Generating 'waybar.p/ext-workspace-unstable-v1-client-protocol.h'.
[32/133] Generating 'waybar.p/river-status-unstable-v1-client-protocol.h'.
[33/133] Compiling C object protocol/libclient_protos.a.p/meson-generated_river-status-unstable-v1-protocol.c.o
[34/133] Generating 'waybar.p/river-control-unstable-v1-client-protocol.h'.
[35/133] Compiling C object protocol/libclient_protos.a.p/meson-generated_river-control-unstable-v1-protocol.c.o
[36/133] Generating waybar.5 with a custom command
[37/133] Compiling C object protocol/libclient_protos.a.p/meson-generated_.._dbus-menu.c.o
[38/133] Compiling C object protocol/libclient_protos.a.p/meson-generated_.._dbus-status-notifier-watcher.c.o
[39/133] Compiling C object protocol/libclient_protos.a.p/meson-generated_.._dbus-status-notifier-item.c.o
[40/133] Linking static target protocol/libclient_protos.a
[41/133] Compiling C++ object waybar.p/src_AIconLabel.cpp.o
[42/133] Compiling C++ object waybar.p/src_ALabel.cpp.o
[43/133] Compiling C++ object waybar.p/src_factory.cpp.o
[44/133] Compiling C++ object waybar.p/src_modules_disk.cpp.o
[45/133] Compiling C++ object waybar.p/src_AModule.cpp.o
[46/133] Compiling C++ object waybar.p/src_modules_idle_inhibitor.cpp.o
[47/133] Compiling C++ object waybar.p/src_modules_custom.cpp.o
[48/133] Compiling C++ object waybar.p/src_modules_temperature.cpp.o
[49/133] Compiling C++ object waybar.p/src_modules_image.cpp.o
[50/133] Compiling C++ object waybar.p/src_modules_user.cpp.o
[51/133] Compiling C++ object waybar.p/src_util_ustring_clen.cpp.o
[52/133] Compiling C++ object waybar.p/src_group.cpp.o
[53/133] Compiling C++ object waybar.p/src_util_sanitize_str.cpp.o
[54/133] Compiling C++ object waybar.p/src_config.cpp.o
[55/133] Compiling C++ object waybar.p/src_main.cpp.o
[56/133] Compiling C++ object waybar.p/src_modules_cpu_linux.cpp.o
[57/133] Compiling C++ object waybar.p/src_bar.cpp.o
[58/133] Compiling C++ object waybar.p/src_modules_cpu_common.cpp.o
[59/133] Compiling C++ object waybar.p/src_client.cpp.o
[60/133] Compiling C++ object waybar.p/src_modules_sway_ipc_client.cpp.o
../src/modules/sway/ipc/client.cpp: In destructor â€˜waybar::modules::sway::Ipc::~Ipc()â€™:
../src/modules/sway/ipc/client.cpp:18:10: warning: ignoring return value of â€˜ssize_t write(int, const void*, size_t)â€™ declared with attribute â€˜warn_unused_resultâ€™ [-Wunused-result]
   18 |     write(fd_, "close-sway-ipc", 14);
      |     ~~~~~^~~~~~~~~~~~~~~~~~~~~~~~~~~
../src/modules/sway/ipc/client.cpp:23:10: warning: ignoring return value of â€˜ssize_t write(int, const void*, size_t)â€™ declared with attribute â€˜warn_unused_resultâ€™ [-Wunused-result]
   23 |     write(fd_event_, "close-sway-ipc", 14);
      |     ~~~~~^~~~~~~~~~~~~~~~~~~~~~~~~~~~~~~~~
[61/133] Compiling C++ object waybar.p/src_modules_memory_linux.cpp.o
[62/133] Compiling C++ object waybar.p/src_modules_memory_common.cpp.o
[63/133] Compiling C++ object waybar.p/src_util_rewrite_title.cpp.o
[64/133] Compiling C++ object waybar.p/src_modules_battery.cpp.o
[65/133] Compiling C++ object waybar.p/src_modules_sway_mode.cpp.o
[66/133] Compiling C++ object waybar.p/src_modules_sway_bar.cpp.o
[67/133] Compiling C++ object waybar.p/src_modules_sway_language.cpp.o
[68/133] Compiling C++ object waybar.p/src_modules_sway_window.cpp.o
[69/133] Compiling C++ object waybar.p/src_modules_sway_workspaces.cpp.o
[70/133] Compiling C++ object waybar.p/src_modules_sway_scratchpad.cpp.o
[71/133] Compiling C++ object waybar.p/src_modules_wlr_workspace_manager_binding.cpp.o
[72/133] Compiling C++ object waybar.p/src_modules_river_mode.cpp.o
[73/133] Compiling C++ object waybar.p/src_modules_river_window.cpp.o
[74/133] Compiling C++ object waybar.p/src_modules_wlr_taskbar.cpp.o
[75/133] Compiling C++ object waybar.p/src_modules_hyprland_backend.cpp.o
[76/133] Compiling C++ object waybar.p/src_modules_wlr_workspace_manager.cpp.o
../src/modules/wlr/workspace_manager.cpp: In lambda function:
../src/modules/wlr/workspace_manager.cpp:76:21: warning: catching polymorphic type â€˜class std::invalid_argumentâ€™ by value [-Wcatch-value=]
   76 |       } catch (std::invalid_argument) {
      |                     ^~~~~~~~~~~~~~~~
../src/modules/wlr/workspace_manager.cpp: In member function â€˜bool waybar::modules::wlr::Workspace::handle_clicked(GdkEventButton*)â€™:
../src/modules/wlr/workspace_manager.cpp:471:15: warning: ignoring return value of â€˜int system(const char*)â€™ declared with attribute â€˜warn_unused_resultâ€™ [-Wunused-result]
  471 |         system(command.c_str());
      |         ~~~~~~^~~~~~~~~~~~~~~~~
[77/133] Compiling C++ object waybar.p/src_modules_river_tags.cpp.o
[78/133] Compiling C++ object waybar.p/src_modules_hyprland_window.cpp.o
[79/133] Compiling C++ object waybar.p/src_modules_hyprland_submap.cpp.o
[80/133] Compiling C++ object waybar.p/src_modules_upower_upower.cpp.o
[81/133] Compiling C++ object waybar.p/src_modules_hyprland_language.cpp.o
[82/133] Compiling C++ object waybar.p/src_modules_upower_upower_tooltip.cpp.o
[83/133] Compiling C++ object waybar.p/src_modules_gamemode.cpp.o
[84/133] Compiling C++ object waybar.p/src_modules_pulseaudio.cpp.o
[85/133] Compiling C++ object waybar.p/src_modules_jack.cpp.o
[86/133] Compiling C++ object waybar.p/src_modules_network.cpp.o
In file included from ../src/modules/network.cpp:1:
../include/modules/network.hpp: In constructor â€˜waybar::modules::Network::Network(const std::string&, const Json::Value&)â€™:
../include/modules/network.hpp:86:16: warning: â€˜waybar::modules::Network::rfkill_â€™ will be initialized after [-Wreorder]
   86 |   util::Rfkill rfkill_;
      |                ^~~~~~~
../include/modules/network.hpp:80:9: warning:   â€˜float waybar::modules::Network::frequency_â€™ [-Wreorder]
   80 |   float frequency_;
      |         ^~~~~~~~~~
../src/modules/network.cpp:80:1: warning:   when initialized here [-Wreorder]
   80 | waybar::modules::Network::Network(const std::string &id, const Json::Value &config)
      | ^~~~~~
[87/133] Compiling C++ object waybar.p/src_modules_wireplumber.cpp.o
[88/133] Compiling C++ object waybar.p/src_modules_mpris_mpris.cpp.o
[89/133] Compiling C++ object waybar.p/src_modules_sni_tray.cpp.o
[90/133] Compiling C++ object waybar.p/src_modules_backlight.cpp.o
[91/133] Compiling C++ object waybar.p/src_modules_sni_watcher.cpp.o
[92/133] Compiling C++ object waybar.p/src_modules_sni_host.cpp.o
[93/133] Compiling C++ object waybar.p/src_modules_sndio.cpp.o
[94/133] Compiling C++ object waybar.p/src_modules_sni_item.cpp.o
[95/133] Compiling C++ object waybar.p/src_modules_keyboard_state.cpp.o
[96/133] Compiling C++ object waybar.p/src_modules_mpd_state.cpp.o
[97/133] Generating waybar-backlight.5 with a custom command
[98/133] Generating waybar-battery.5 with a custom command
[99/133] Generating waybar-clock.5 with a custom command
[100/133] Generating waybar-cpu.5 with a custom command
[101/133] Generating waybar-custom.5 with a custom command
[102/133] Generating waybar-disk.5 with a custom command
[103/133] Generating waybar-gamemode.5 with a custom command
[104/133] Generating waybar-idle-inhibitor.5 with a custom command
[105/133] Generating waybar-keyboard-state.5 with a custom command
[106/133] Compiling C++ object waybar.p/src_modules_mpd_mpd.cpp.o
[107/133] Generating waybar-memory.5 with a custom command
[108/133] Generating waybar-mpris.5 with a custom command
[109/133] Generating waybar-mpd.5 with a custom command
[110/133] Generating waybar-network.5 with a custom command
[111/133] Generating waybar-pulseaudio.5 with a custom command
[112/133] Generating waybar-river-tags.5 with a custom command
[113/133] Generating waybar-river-mode.5 with a custom command
[114/133] Generating waybar-river-window.5 with a custom command
[115/133] Generating waybar-sway-language.5 with a custom command
[116/133] Generating waybar-sway-mode.5 with a custom command
[117/133] Generating waybar-sway-scratchpad.5 with a custom command
[118/133] Generating waybar-sway-window.5 with a custom command
[119/133] Generating waybar-sway-workspaces.5 with a custom command
[120/133] Generating waybar-temperature.5 with a custom command
[121/133] Generating waybar-tray.5 with a custom command
[122/133] Generating waybar-states.5 with a custom command
[123/133] Generating waybar-wlr-taskbar.5 with a custom command
[124/133] Generating waybar-wlr-workspaces.5 with a custom command
[125/133] Generating waybar-bluetooth.5 with a custom command
[126/133] Generating waybar-sndio.5 with a custom command
[127/133] Generating waybar-upower.5 with a custom command
[128/133] Generating waybar-inhibitor.5 with a custom command
[129/133] Compiling C++ object waybar.p/src_util_rfkill.cpp.o
../src/util/rfkill.cpp: In member function â€˜bool waybar::util::Rfkill::on_event(Glib::IOCondition)â€™:
../src/util/rfkill.cpp:66:13: warning: comparison of integer expressions of different signedness: â€˜ssize_tâ€™ {aka â€˜long intâ€™} and â€˜long unsigned intâ€™ [-Wsign-compare]
   66 |     if (len < RFKILL_EVENT_SIZE_V1) {
      |             ^
[130/133] Compiling C++ object waybar.p/src_modules_inhibitor.cpp.o
[131/133] Compiling C++ object waybar.p/src_modules_bluetooth.cpp.o
[132/133] Compiling C++ object waybar.p/src_modules_clock.cpp.o
[133/133] Linking target waybar
==> Entering fakeroot environment...
==> Starting package()...
ninja: Entering directory `build'
[0/1] Installing files.
Installing waybar to /home/jonathan/.cache/yay/waybar-hyprland/pkg/waybar-hyprland/usr/bin
Installing waybar.5 to /home/jonathan/.cache/yay/waybar-hyprland/pkg/waybar-hyprland/usr/share/man/man5
Installing waybar-backlight.5 to /home/jonathan/.cache/yay/waybar-hyprland/pkg/waybar-hyprland/usr/share/man/man5
Installing waybar-battery.5 to /home/jonathan/.cache/yay/waybar-hyprland/pkg/waybar-hyprland/usr/share/man/man5
Installing waybar-clock.5 to /home/jonathan/.cache/yay/waybar-hyprland/pkg/waybar-hyprland/usr/share/man/man5
Installing waybar-cpu.5 to /home/jonathan/.cache/yay/waybar-hyprland/pkg/waybar-hyprland/usr/share/man/man5
Installing waybar-custom.5 to /home/jonathan/.cache/yay/waybar-hyprland/pkg/waybar-hyprland/usr/share/man/man5
Installing waybar-disk.5 to /home/jonathan/.cache/yay/waybar-hyprland/pkg/waybar-hyprland/usr/share/man/man5
Installing waybar-gamemode.5 to /home/jonathan/.cache/yay/waybar-hyprland/pkg/waybar-hyprland/usr/share/man/man5
Installing waybar-idle-inhibitor.5 to /home/jonathan/.cache/yay/waybar-hyprland/pkg/waybar-hyprland/usr/share/man/man5
Installing waybar-keyboard-state.5 to /home/jonathan/.cache/yay/waybar-hyprland/pkg/waybar-hyprland/usr/share/man/man5
Installing waybar-memory.5 to /home/jonathan/.cache/yay/waybar-hyprland/pkg/waybar-hyprland/usr/share/man/man5
Installing waybar-mpd.5 to /home/jonathan/.cache/yay/waybar-hyprland/pkg/waybar-hyprland/usr/share/man/man5
Installing waybar-mpris.5 to /home/jonathan/.cache/yay/waybar-hyprland/pkg/waybar-hyprland/usr/share/man/man5
Installing waybar-network.5 to /home/jonathan/.cache/yay/waybar-hyprland/pkg/waybar-hyprland/usr/share/man/man5
Installing waybar-pulseaudio.5 to /home/jonathan/.cache/yay/waybar-hyprland/pkg/waybar-hyprland/usr/share/man/man5
Installing waybar-river-mode.5 to /home/jonathan/.cache/yay/waybar-hyprland/pkg/waybar-hyprland/usr/share/man/man5
Installing waybar-river-tags.5 to /home/jonathan/.cache/yay/waybar-hyprland/pkg/waybar-hyprland/usr/share/man/man5
Installing waybar-river-window.5 to /home/jonathan/.cache/yay/waybar-hyprland/pkg/waybar-hyprland/usr/share/man/man5
Installing waybar-sway-language.5 to /home/jonathan/.cache/yay/waybar-hyprland/pkg/waybar-hyprland/usr/share/man/man5
Installing waybar-sway-mode.5 to /home/jonathan/.cache/yay/waybar-hyprland/pkg/waybar-hyprland/usr/share/man/man5
Installing waybar-sway-scratchpad.5 to /home/jonathan/.cache/yay/waybar-hyprland/pkg/waybar-hyprland/usr/share/man/man5
Installing waybar-sway-window.5 to /home/jonathan/.cache/yay/waybar-hyprland/pkg/waybar-hyprland/usr/share/man/man5
Installing waybar-sway-workspaces.5 to /home/jonathan/.cache/yay/waybar-hyprland/pkg/waybar-hyprland/usr/share/man/man5
Installing waybar-temperature.5 to /home/jonathan/.cache/yay/waybar-hyprland/pkg/waybar-hyprland/usr/share/man/man5
Installing waybar-tray.5 to /home/jonathan/.cache/yay/waybar-hyprland/pkg/waybar-hyprland/usr/share/man/man5
Installing waybar-states.5 to /home/jonathan/.cache/yay/waybar-hyprland/pkg/waybar-hyprland/usr/share/man/man5
Installing waybar-wlr-taskbar.5 to /home/jonathan/.cache/yay/waybar-hyprland/pkg/waybar-hyprland/usr/share/man/man5
Installing waybar-wlr-workspaces.5 to /home/jonathan/.cache/yay/waybar-hyprland/pkg/waybar-hyprland/usr/share/man/man5
Installing waybar-bluetooth.5 to /home/jonathan/.cache/yay/waybar-hyprland/pkg/waybar-hyprland/usr/share/man/man5
Installing waybar-sndio.5 to /home/jonathan/.cache/yay/waybar-hyprland/pkg/waybar-hyprland/usr/share/man/man5
Installing waybar-upower.5 to /home/jonathan/.cache/yay/waybar-hyprland/pkg/waybar-hyprland/usr/share/man/man5
Installing waybar-inhibitor.5 to /home/jonathan/.cache/yay/waybar-hyprland/pkg/waybar-hyprland/usr/share/man/man5
Installing /home/jonathan/.cache/yay/waybar-hyprland/src/Waybar-0.9.17/build/waybar.service to /home/jonathan/.cache/yay/waybar-hyprland/pkg/waybar-hyprland/usr/lib/systemd/user
Installing /home/jonathan/.cache/yay/waybar-hyprland/src/Waybar-0.9.17/./resources/config to /home/jonathan/.cache/yay/waybar-hyprland/pkg/waybar-hyprland/etc/xdg/waybar
Installing /home/jonathan/.cache/yay/waybar-hyprland/src/Waybar-0.9.17/./resources/style.css to /home/jonathan/.cache/yay/waybar-hyprland/pkg/waybar-hyprland/etc/xdg/waybar
==> Tidying install...
  -> Removing libtool files...
  -> Purging unwanted files...
  -> Removing static library files...
  -> Stripping unneeded symbols from binaries and libraries...
  -> Compressing man and info pages...
==> Checking for packaging issues...
==> Creating package "waybar-hyprland"...
  -> Generating .PKGINFO file...
  -> Generating .BUILDINFO file...
  -> Generating .MTREE file...
  -> Compressing package...
==> Leaving fakeroot environment.
==> Finished making: waybar-hyprland 0.9.17-1 (Sat 03 Jun 2023 06:11:48 PM CEST)
==> Cleaning up...
loading packages...
resolving dependencies...
looking for conflicting packages...

Packages (1) waybar-hyprland-0.9.17-1

Total Installed Size:  1.99 MiB

:: Proceed with installation? [Y/n] 
checking keyring...
checking package integrity...
loading package files...
checking for file conflicts...
checking available disk space...
:: Processing package changes...
installing waybar-hyprland...
Optional dependencies for waybar-hyprland
    otf-font-awesome: Icons in the default configuration
:: Running post-transaction hooks...
(1/1) Arming ConditionNeedsUpdate...
:: [1mThere are 2 providers available for cargo:
:: [1mRepository extra
    [0m1) rust 2) rustup [0m

Enter a number (default=1): 

AUR Explicit (1): swww-0.7.3-0
Sync Make Dependency (1): rust-1:1.69.0-3
:: [1m(1/1) Downloaded PKGBUILD: swww[0m
  1 swww                                     (Build Files Exist)
==> Packages to cleanBuild?
==> [N]one [A]ll [Ab]ort [I]nstalled [No]tInstalled or (1 2 3, 1-3, ^4)
==> 
  1 swww                                     (Build Files Exist)
==> Diffs to show?
==> [N]one [A]ll [Ab]ort [I]nstalled [No]tInstalled or (1 2 3, 1-3, ^4)
==> 
==> Making package: swww 0.7.3-0 (Sat 03 Jun 2023 06:11:56 PM CEST)
==> Retrieving sources...
  -> Downloading swww-0.7.3.tar.gz...
  % Total    % Received % Xferd  Average Speed   Time    Time     Time  Current
                                 Dload  Upload   Total   Spent    Left  Speed
  0     0    0     0    0     0      0      0 --:--:-- --:--:-- --:--:--     0  0     0    0     0    0     0      0      0 --:--:-- --:--:-- --:--:--     0
100 67133    0 67133    0     0  99050      0 --:--:-- --:--:-- --:--:-- 99050
==> Validating source files with sha256sums...
    swww-0.7.3.tar.gz ... Passed
:: [1m(1/1) Parsing SRCINFO: swww[0m
resolving dependencies...
looking for conflicting packages...

Packages (1) rust-1:1.69.0-3

Total Download Size:    84.83 MiB
Total Installed Size:  454.69 MiB

:: Proceed with installation? [Y/n] 
:: Retrieving packages...
 rust-1:1.69.0-3-x86_64 downloading...
checking keyring...
checking package integrity...
loading package files...
checking for file conflicts...
checking available disk space...
:: Processing package changes...
installing rust...
Optional dependencies for rust
    gdb: rust-gdb script
    lldb: rust-lldb script
:: Running post-transaction hooks...
(1/1) Arming ConditionNeedsUpdate...
==> Making package: swww 0.7.3-0 (Sat 03 Jun 2023 06:12:27 PM CEST)
==> Checking runtime dependencies...
==> Checking buildtime dependencies...
==> Retrieving sources...
  -> Found swww-0.7.3.tar.gz
==> Validating source files with sha256sums...
    swww-0.7.3.tar.gz ... Passed
==> Removing existing $srcdir/ directory...
==> Extracting sources...
  -> Extracting swww-0.7.3.tar.gz with bsdtar
==> Starting prepare()...
 Downloading crates ...
  Downloaded predicates-core v1.0.6
  Downloaded clap_lex v0.4.1
  Downloaded pkg-config v0.3.26
  Downloaded zune-inflate v0.2.53
  Downloaded clap v4.2.1
  Downloaded ryu v1.0.13
  Downloaded wayland-scanner v0.29.5
  Downloaded lzzzz v1.0.4
  Downloaded serde v1.0.160
  Downloaded rand_core v0.6.4
  Downloaded slotmap v1.0.6
  Downloaded simplelog v0.12.1
  Downloaded flume v0.10.14
  Downloaded wayland-commons v0.29.5
  Downloaded proc-macro2 v1.0.56
  Downloaded dlib v0.5.0
  Downloaded xcursor v0.3.4
  Downloaded bytemuck v1.13.1
  Downloaded wayland-client v0.29.5
  Downloaded smithay-client-toolkit v0.16.0
  Downloaded pin-project v1.0.12
  Downloaded regex-syntax v0.6.29
  Downloaded assert_cmd v2.0.10
  Downloaded miniz_oxide v0.7.1
  Downloaded clap_builder v4.2.1
  Downloaded utf8parse v0.2.1
  Downloaded memmap2 v0.5.10
  Downloaded bit_field v0.10.2
  Downloaded predicates-tree v1.0.9
  Downloaded concolor-query v0.3.3
  Downloaded termtree v0.4.1
  Downloaded half v2.2.1
  Downloaded keyframe v1.1.1
  Downloaded clap_derive v4.2.0
  Downloaded ciborium-io v0.2.0
  Downloaded anstream v0.2.6
  Downloaded clap_complete v4.2.0
  Downloaded xml-rs v0.8.4
  Downloaded num_threads v0.1.6
  Downloaded plotters v0.3.4
  Downloaded sd-notify v0.4.1
  Downloaded thiserror v1.0.40
  Downloaded is-terminal v0.4.7
  Downloaded regex v1.7.3
  Downloaded serde_derive v1.0.160
  Downloaded downcast-rs v1.2.0
  Downloaded predicates v3.0.2
  Downloaded anstyle v0.3.5
  Downloaded fast_image_resize v2.7.0
  Downloaded wayland-cursor v0.29.5
  Downloaded calloop v0.10.5
  Downloaded time v0.3.20
  Downloaded textwrap v0.16.0
  Downloaded qoi v0.4.1
  Downloaded ciborium v0.2.0
  Downloaded time-core v0.1.0
  Downloaded doc-comment v0.3.3
  Downloaded difflib v0.4.0
  Downloaded smallvec v1.10.0
  Downloaded pin-project-internal v1.0.12
  Downloaded mint v0.5.9
  Downloaded libloading v0.7.4
  Downloaded weezl v0.1.7
  Downloaded lebe v0.5.2
  Downloaded concolor-override v1.0.0
  Downloaded time-macros v0.2.8
  Downloaded minimal-lexical v0.2.1
  Downloaded libm v0.2.6
  Downloaded wayland-sys v0.29.5
  Downloaded nix v0.24.3
  Downloaded wayland-protocols v0.29.5
  Downloaded exr v1.6.3
  Downloaded nanorand v0.7.0
  Downloaded syn v2.0.14
  Downloaded unicode-ident v1.0.8
  Downloaded getrandom v0.2.9
  Downloaded quote v1.0.26
  Downloaded ppv-lite86 v0.2.17
  Downloaded serde_json v1.0.96
  Downloaded memoffset v0.8.0
  Downloaded crossbeam-epoch v0.9.14
  Downloaded ciborium-ll v0.2.0
  Downloaded flate2 v1.0.25
  Downloaded terminal_size v0.2.6
  Downloaded color_quant v1.1.0
  Downloaded cc v1.0.79
  Downloaded bstr v1.4.0
  Downloaded cast v0.3.0
  Downloaded crc32fast v1.3.2
  Downloaded lock_api v0.4.9
  Downloaded byteorder v1.4.3
  Downloaded anstyle-parse v0.1.1
  Downloaded futures-core v0.3.28
  Downloaded regex-automata v0.1.10
  Downloaded tinytemplate v1.2.1
  Downloaded criterion v0.4.0
  Downloaded futures-sink v0.3.28
  Downloaded adler v1.0.2
  Downloaded crossbeam-utils v0.8.15
  Downloaded once_cell v1.17.1
  Downloaded png v0.17.8
  Downloaded indexmap v1.9.3
  Downloaded jobserver v0.1.26
  Downloaded walkdir v2.3.3
  Downloaded itoa v1.0.6
  Downloaded heck v0.4.1
  Downloaded plotters-svg v0.3.3
  Downloaded either v1.8.1
  Downloaded thiserror-impl v1.0.40
  Downloaded oorandom v11.1.3
  Downloaded plotters-backend v0.3.4
  Downloaded nom v7.1.3
  Downloaded miniz_oxide v0.6.2
  Downloaded rayon-core v1.11.0
  Downloaded syn v1.0.109
  Downloaded anes v0.1.6
  Downloaded simd-adler32 v0.3.5
  Downloaded half v1.8.2
  Downloaded spin v0.9.8
  Downloaded criterion-plot v0.5.0
  Downloaded num_cpus v1.15.0
  Downloaded io-lifetimes v1.0.10
  Downloaded crossbeam-channel v0.5.8
  Downloaded clap v3.2.23
  Downloaded fdeflate v0.3.0
  Downloaded nix v0.25.1
  Downloaded rayon v1.7.0
  Downloaded crossbeam-deque v0.8.3
  Downloaded os_str_bytes v6.5.0
  Downloaded rustix v0.37.11
  Downloaded itertools v0.10.5
  Downloaded image v0.24.6
  Downloaded libc v0.2.141
  Downloaded gif v0.12.0
  Downloaded jpeg-decoder v0.3.0
  Downloaded linux-raw-sys v0.3.1
  Downloaded tiff v0.8.1
==> Sources are ready.
==> Making package: swww 0.7.3-0 (Sat 03 Jun 2023 06:12:35 PM CEST)
==> Checking runtime dependencies...
==> Checking buildtime dependencies...
==> WARNING: Using existing $srcdir/ tree
==> Starting build()...
   Compiling libc v0.2.141
   Compiling autocfg v1.1.0
   Compiling proc-macro2 v1.0.56
   Compiling quote v1.0.26
   Compiling unicode-ident v1.0.8
   Compiling cfg-if v1.0.0
   Compiling io-lifetimes v1.0.10
   Compiling bitflags v1.3.2
   Compiling rustix v0.37.11
   Compiling syn v2.0.14
   Compiling crossbeam-utils v0.8.15
   Compiling scopeguard v1.1.0
   Compiling memoffset v0.6.5
   Compiling memoffset v0.8.0
   Compiling pkg-config v0.3.26
   Compiling crossbeam-epoch v0.9.14
   Compiling xml-rs v0.8.4
   Compiling libm v0.2.6
   Compiling num-traits v0.2.15
   Compiling linux-raw-sys v0.3.1
   Compiling wayland-scanner v0.29.5
   Compiling smallvec v1.10.0
   Compiling wayland-sys v0.29.5
   Compiling getrandom v0.2.9
   Compiling once_cell v1.17.1
   Compiling adler v1.0.2
   Compiling utf8parse v0.2.1
   Compiling rayon-core v1.11.0
   Compiling syn v1.0.109
   Compiling anstyle-parse v0.1.1
   Compiling is-terminal v0.4.7
   Compiling crossbeam-deque v0.8.3
   Compiling crossbeam-channel v0.5.8
   Compiling jobserver v0.1.26
   Compiling num_cpus v1.15.0
   Compiling lock_api v0.4.9
   Compiling simd-adler32 v0.3.5
   Compiling crc32fast v1.3.2
   Compiling serde_derive v1.0.160
   Compiling memchr v2.5.0
   Compiling concolor-query v0.3.3
   Compiling anstyle v0.3.5
   Compiling thiserror v1.0.40
   Compiling concolor-override v1.0.0
   Compiling heck v0.4.1
   Compiling anstream v0.2.6
   Compiling clap_derive v4.2.0
   Compiling thiserror-impl v1.0.40
   Compiling cc v1.0.79
   Compiling miniz_oxide v0.6.2
   Compiling wayland-client v0.29.5
   Compiling nix v0.24.3
   Compiling futures-core v0.3.28
   Compiling clap_lex v0.4.1
   Compiling strsim v0.10.0
   Compiling serde v1.0.160
   Compiling version_check v0.9.4
   Compiling log v0.4.17
   Compiling clap_builder v4.2.1
   Compiling slotmap v1.0.6
   Compiling wayland-commons v0.29.5
   Compiling lzzzz v1.0.4
   Compiling num-integer v0.1.45
   Compiling minimal-lexical v0.2.1
   Compiling downcast-rs v1.2.0
   Compiling either v1.8.1
   Compiling clap v4.2.1
   Compiling rayon v1.7.0
   Compiling pin-project-internal v1.0.12
   Compiling pin-project v1.0.12
   Compiling nom v7.1.3
   Compiling flate2 v1.0.25
   Compiling spin v0.9.8
   Compiling nanorand v0.7.0
   Compiling wayland-protocols v0.29.5
   Compiling num-rational v0.4.1
   Compiling futures-sink v0.3.28
   Compiling weezl v0.1.7
   Compiling lazy_static v1.4.0
   Compiling time-core v0.1.0
   Compiling time-macros v0.2.8
   Compiling flume v0.10.14
   Compiling xcursor v0.3.4
   Compiling bincode v1.3.3
   Compiling jpeg-decoder v0.3.0
   Compiling clap_complete v4.2.0
   Compiling terminal_size v0.2.6
   Compiling zune-inflate v0.2.53
   Compiling miniz_oxide v0.7.1
   Compiling fdeflate v0.3.0
   Compiling rand_core v0.6.4
   Compiling nix v0.25.1
   Compiling smithay-client-toolkit v0.16.0
   Compiling libloading v0.7.4
   Compiling color_quant v1.1.0
   Compiling lebe v0.5.2
   Compiling bit_field v0.10.2
   Compiling itoa v1.0.6
   Compiling bytemuck v1.13.1
   Compiling num_threads v0.1.6
   Compiling vec_map v0.8.2
   Compiling ppv-lite86 v0.2.17
   Compiling half v2.2.1
   Compiling time v0.3.20
   Compiling rand_chacha v0.3.1
   Compiling exr v1.6.3
   Compiling calloop v0.10.5
   Compiling qoi v0.4.1
   Compiling gif v0.12.0
   Compiling dlib v0.5.0
   Compiling png v0.17.8
   Compiling swww v0.7.3 (/home/jonathan/.cache/yay/swww/src/swww-0.7.3)
   Compiling tiff v0.8.1
   Compiling wayland-cursor v0.29.5
   Compiling memmap2 v0.5.10
   Compiling mint v0.5.9
   Compiling termcolor v1.1.3
   Compiling byteorder v1.4.3
   Compiling keyframe v1.1.1
   Compiling image v0.24.6
   Compiling simplelog v0.12.1
warning: generated shell completion file: "completions/swww.bash"
warning: generated shell completion file: "completions/_swww"
warning: generated shell completion file: "completions/swww.fish"
warning: generated shell completion file: "completions/swww.elv"
   Compiling rand v0.8.5
   Compiling fast_image_resize v2.7.0
   Compiling sd-notify v0.4.1
   Compiling utils v0.1.0 (/home/jonathan/.cache/yay/swww/src/swww-0.7.3/utils)
   Compiling swww-daemon v0.1.0 (/home/jonathan/.cache/yay/swww/src/swww-0.7.3/daemon)
    Finished release [optimized] target(s) in 4m 21s
mkdir: created directory './doc/generated'
generating ./doc/generated/swww.1... ...done!
generating ./doc/generated/swww-clear.1... ...done!
generating ./doc/generated/swww-daemon.1... ...done!
generating ./doc/generated/swww-img.1... ...done!
generating ./doc/generated/swww-init.1... ...done!
generating ./doc/generated/swww-kill.1... ...done!
generating ./doc/generated/swww-query.1... ...done!
==> Entering fakeroot environment...
==> Starting package()...
==> Tidying install...
  -> Removing libtool files...
  -> Purging unwanted files...
  -> Removing static library files...
  -> Stripping unneeded symbols from binaries and libraries...
  -> Compressing man and info pages...
==> Checking for packaging issues...
==> WARNING: Package contains reference to $srcdir
usr/bin/swww-daemon
==> Creating package "swww"...
  -> Generating .PKGINFO file...
  -> Generating .BUILDINFO file...
  -> Generating .MTREE file...
  -> Compressing package...
==> Leaving fakeroot environment.
==> Finished making: swww 0.7.3-0 (Sat 03 Jun 2023 06:17:00 PM CEST)
==> Cleaning up...
loading packages...
resolving dependencies...
looking for conflicting packages...

Packages (1) swww-0.7.3-0

Total Installed Size:  4.27 MiB

:: Proceed with installation? [Y/n] 
checking keyring...
checking package integrity...
loading package files...
checking for file conflicts...
checking available disk space...
:: Processing package changes...
installing swww...
:: Running post-transaction hooks...
(1/1) Arming ConditionNeedsUpdate...
AUR Explicit (1): swaylock-effects-1.6.4-1
:: [1m(1/1) Downloaded PKGBUILD: swaylock-effects[0m
  1 swaylock-effects                         (Build Files Exist)
==> Packages to cleanBuild?
==> [N]one [A]ll [Ab]ort [I]nstalled [No]tInstalled or (1 2 3, 1-3, ^4)
==> 
  1 swaylock-effects                         (Build Files Exist)
==> Diffs to show?
==> [N]one [A]ll [Ab]ort [I]nstalled [No]tInstalled or (1 2 3, 1-3, ^4)
==> 
==> Making package: swaylock-effects 1.6.4-1 (Sat 03 Jun 2023 06:17:07 PM CEST)
==> Retrieving sources...
  -> Downloading v1.6-4.tar.gz...
  % Total    % Received % Xferd  Average Speed   Time    Time     Time  Current
                                 Dload  Upload   Total   Spent    Left  Speed
  0     0    0     0    0     0      0      0 --:--:-- --:--:-- --:--:--     0  0     0    0     0    0     0      0      0 --:--:-- --:--:-- --:--:--     0
100 14417    0 14417    0     0  20845      0 --:--:-- --:--:-- --:--:-- 20845100  606k    0  606k    0     0   504k      0 --:--:--  0:00:01 --:--:-- 1161k
==> Validating source files with sha256sums...
    v1.6-4.tar.gz ... Passed
:: [1m(1/1) Parsing SRCINFO: swaylock-effects[0m
==> Making package: swaylock-effects 1.6.4-1 (Sat 03 Jun 2023 06:17:10 PM CEST)
==> Checking runtime dependencies...
==> Checking buildtime dependencies...
==> Retrieving sources...
  -> Found v1.6-4.tar.gz
==> Validating source files with sha256sums...
    v1.6-4.tar.gz ... Passed
==> Removing existing $srcdir/ directory...
==> Extracting sources...
  -> Extracting v1.6-4.tar.gz with bsdtar
==> Sources are ready.
==> Making package: swaylock-effects 1.6.4-1 (Sat 03 Jun 2023 06:17:13 PM CEST)
==> Checking runtime dependencies...
==> Checking buildtime dependencies...
==> WARNING: Using existing $srcdir/ tree
==> Starting build()...
The Meson build system
Version: 1.1.1
Source dir: /home/jonathan/.cache/yay/swaylock-effects/src/swaylock-effects-1.6-4
Build dir: /home/jonathan/.cache/yay/swaylock-effects/src/swaylock-effects-1.6-4/build
Build type: native build
Project name: swaylock
Project version: 1.6-4
C compiler for the host machine: gcc-12 (gcc 12.3.0 "gcc-12 (GCC) 12.3.0")
C linker for the host machine: gcc-12 ld.bfd 2.40.0
Host machine cpu family: x86_64
Host machine cpu: x86_64
Compiler for C supports arguments -mtune=native: YES 
Found pkg-config: /usr/bin/pkg-config (1.8.1)
Run-time dependency wayland-client found: YES 1.22.0
Run-time dependency wayland-protocols found: YES 1.31
Run-time dependency xkbcommon found: YES 1.5.0
Run-time dependency cairo found: YES 1.17.8
Run-time dependency gdk-pixbuf-2.0 found: YES 2.42.10
Found CMake: /usr/bin/cmake (3.26.4)
Run-time dependency bash-completion found: NO (tried pkgconfig and cmake)
Run-time dependency fish found: NO (tried pkgconfig and cmake)
Library pam found: YES
Library crypt found: YES
Library m found: YES
Library rt found: YES
Library dl found: YES
Program git found: YES (/usr/bin/git)
Program scdoc found: YES (/usr/bin/scdoc)
Program wayland-scanner found: YES (/usr/bin/wayland-scanner)
WARNING: You should add the boolean check kwarg to the run_command call.
         It currently defaults to false,
         but it will default to true in future releases of meson.
         See also: https://github.com/mesonbuild/meson/issues/9300
Configuring config.h using configuration
Program sh found: YES (/usr/bin/sh)
Build targets in project: 3
NOTICE: Future-deprecated features used:
 * 0.55.0: {'ExternalProgram.path'}
 * 0.56.0: {'dependency.get_pkgconfig_variable'}

swaylock 1.6-4

  User defined options
    prefix: /usr

Found ninja-1.11.1 at /usr/bin/ninja
Generating targets:   0%|                                                     | 0/3 [00:00<?, ?it/s]                                                                                                    Writing build.ninja:   0%|                                                   | 0/63 [00:00<?, ?it/s]                                                                                                    WARNING: Running the setup command as `meson [options]` instead of `meson setup [options]` is ambiguous and deprecated.
ninja: Entering directory `build'
[1/37] Generating 'libclient_protos.a.p/wlr-screencopy-unstable-v1-protocol.c'.
[2/37] Generating 'libclient_protos.a.p/wlr-layer-shell-unstable-v1-protocol.c'.
[3/37] Generating 'libclient_protos.a.p/wlr-input-inhibitor-unstable-v1-protocol.c'.
[4/37] Generating 'libclient_protos.a.p/xdg-shell-protocol.c'.
[5/37] Generating 'libclient_protos.a.p/xdg-shell-client-protocol.h'.
[6/37] Generating 'libclient_protos.a.p/xdg-output-unstable-v1-protocol.c'.
[7/37] Generating 'libclient_protos.a.p/xdg-output-unstable-v1-client-protocol.h'.
[8/37] Generating 'libclient_protos.a.p/wlr-layer-shell-unstable-v1-client-protocol.h'.
[9/37] Generating 'libclient_protos.a.p/wlr-input-inhibitor-unstable-v1-client-protocol.h'.
[10/37] Generating 'libclient_protos.a.p/wlr-screencopy-unstable-v1-client-protocol.h'.
[11/37] Generating 'swaylock.p/xdg-shell-client-protocol.h'.
[12/37] Generating 'swaylock.p/xdg-output-unstable-v1-client-protocol.h'.
[13/37] Generating 'swaylock.p/wlr-layer-shell-unstable-v1-client-protocol.h'.
[14/37] Generating 'swaylock.p/wlr-input-inhibitor-unstable-v1-client-protocol.h'.
[15/37] Generating 'swaylock.p/wlr-screencopy-unstable-v1-client-protocol.h'.
[16/37] Compiling C object libclient_protos.a.p/meson-generated_xdg-shell-protocol.c.o
[17/37] Compiling C object libclient_protos.a.p/meson-generated_xdg-output-unstable-v1-protocol.c.o
[18/37] Compiling C object libclient_protos.a.p/meson-generated_wlr-input-inhibitor-unstable-v1-protocol.c.o
[19/37] Compiling C object libclient_protos.a.p/meson-generated_wlr-layer-shell-unstable-v1-protocol.c.o
[20/37] Compiling C object libclient_protos.a.p/meson-generated_wlr-screencopy-unstable-v1-protocol.c.o
[21/37] Linking static target libclient_protos.a
[22/37] Compiling C object swaylock.p/log.c.o
[23/37] Compiling C object swaylock.p/loop.c.o
[24/37] Compiling C object swaylock.p/cairo.c.o
[25/37] Compiling C object swaylock.p/pool-buffer.c.o
[26/37] Compiling C object swaylock.p/comm.c.o
[27/37] Compiling C object swaylock.p/password.c.o
[28/37] Compiling C object swaylock.p/unicode.c.o
[29/37] Compiling C object swaylock.p/background-image.c.o
[30/37] Compiling C object swaylock.p/seat.c.o
[31/37] Generating swaylock.1 with a custom command
[32/37] Compiling C object swaylock.p/render.c.o
[33/37] Compiling C object swaylock.p/pam.c.o
[34/37] Compiling C object swaylock.p/main.c.o
[35/37] Compiling C object swaylock.p/effects.c.o
[36/37] Compiling C object swaylock.p/fade.c.o
[37/37] Linking target swaylock
==> Entering fakeroot environment...
==> Starting package()...
ninja: Entering directory `build'
[0/1] Installing files.
Installing swaylock to /home/jonathan/.cache/yay/swaylock-effects/pkg/swaylock-effects/usr/bin
Installing swaylock.1 to /home/jonathan/.cache/yay/swaylock-effects/pkg/swaylock-effects/usr/share/man/man1
Installing /home/jonathan/.cache/yay/swaylock-effects/src/swaylock-effects-1.6-4/pam/swaylock to /home/jonathan/.cache/yay/swaylock-effects/pkg/swaylock-effects/etc/pam.d
Installing /home/jonathan/.cache/yay/swaylock-effects/src/swaylock-effects-1.6-4/completions/zsh/_swaylock to /home/jonathan/.cache/yay/swaylock-effects/pkg/swaylock-effects/usr/share/zsh/site-functions
Installing /home/jonathan/.cache/yay/swaylock-effects/src/swaylock-effects-1.6-4/completions/bash/swaylock to /home/jonathan/.cache/yay/swaylock-effects/pkg/swaylock-effects/usr/share/bash-completion/completions
Installing /home/jonathan/.cache/yay/swaylock-effects/src/swaylock-effects-1.6-4/completions/fish/swaylock.fish to /home/jonathan/.cache/yay/swaylock-effects/pkg/swaylock-effects/usr/share/fish/vendor_completions.d
==> Tidying install...
  -> Removing libtool files...
  -> Purging unwanted files...
  -> Removing static library files...
  -> Stripping unneeded symbols from binaries and libraries...
  -> Compressing man and info pages...
==> Checking for packaging issues...
==> Creating package "swaylock-effects"...
  -> Generating .PKGINFO file...
  -> Generating .BUILDINFO file...
  -> Generating .MTREE file...
  -> Compressing package...
==> Leaving fakeroot environment.
==> Finished making: swaylock-effects 1.6.4-1 (Sat 03 Jun 2023 06:17:21 PM CEST)
==> Cleaning up...
loading packages...
resolving dependencies...
looking for conflicting packages...

Packages (1) swaylock-effects-1.6.4-1

Total Installed Size:  0.12 MiB

:: Proceed with installation? [Y/n] 
checking keyring...
checking package integrity...
loading package files...
checking for file conflicts...
checking available disk space...
:: Processing package changes...
installing swaylock-effects...
:: Running post-transaction hooks...
(1/1) Arming ConditionNeedsUpdate...
Sync Dependency (1): gobject-introspection-1.76.1-3
AUR Explicit (1): wlogout-1.1.1-3
:: [1m(1/1) Downloaded PKGBUILD: wlogout[0m
  1 wlogout                                  (Build Files Exist)
==> Packages to cleanBuild?
==> [N]one [A]ll [Ab]ort [I]nstalled [No]tInstalled or (1 2 3, 1-3, ^4)
==> 
  1 wlogout                                  (Build Files Exist)
==> Diffs to show?
==> [N]one [A]ll [Ab]ort [I]nstalled [No]tInstalled or (1 2 3, 1-3, ^4)
==> 
==> Making package: wlogout 1.1.1-3 (Sat 03 Jun 2023 06:17:27 PM CEST)
==> Retrieving sources...
  -> Downloading wlogout-1.1.1.tar.gz...
  % Total    % Received % Xferd  Average Speed   Time    Time     Time  Current
                                 Dload  Upload   Total   Spent    Left  Speed
  0     0    0     0    0     0      0      0 --:--:-- --:--:-- --:--:--     0  0     0    0     0    0     0      0      0 --:--:-- --:--:-- --:--:--     0
 15  610k   15 98304    0     0   203k      0  0:00:02 --:--:--  0:00:02  203k100  610k  100  610k    0     0   982k      0 --:--:-- --:--:-- --:--:-- 3449k
  -> Downloading wlogout-1.1.1.tar.gz.sig...
  % Total    % Received % Xferd  Average Speed   Time    Time     Time  Current
                                 Dload  Upload   Total   Spent    Left  Speed
  0     0    0     0    0     0      0      0 --:--:-- --:--:-- --:--:--     0  0     0    0     0    0     0      0      0 --:--:-- --:--:-- --:--:--     0
100   566  100   566    0     0   1025      0 --:--:-- --:--:-- --:--:--  1025
==> Validating source files with md5sums...
    wlogout-1.1.1.tar.gz ... Passed
    wlogout-1.1.1.tar.gz.sig ... Skipped
==> Verifying source file signatures with gpg...
    wlogout-1.1.1.tar.gz ... FAILED (unknown public key E25D679AF73C6D2F)
==> ERROR: One or more PGP signatures could not be verified!
 -> error downloading sources: /home/jonathan/.cache/yay/wlogout 
	 context: exit status 1 
	 

:: [1m(1/1) Parsing SRCINFO: wlogout[0m
gpg: /home/jonathan/.gnupg/trustdb.gpg: trustdb created
gpg: error reading key: No public key

:: [1mPGP keys need importing:[0m
 -> F4FDB18A9937358364B276E9E25D679AF73C6D2F, required by: wlogout
:: [1mImporting keys with gpg...[0m
gpg: key E25D679AF73C6D2F: public key "Haden Collins <collinshaden@gmail.com>" imported
gpg: Total number processed: 1
gpg:               imported: 1
resolving dependencies...
looking for conflicting packages...

Packages (4) python-mako-1.2.4-3  python-markdown-3.4.3-2  python-markupsafe-2.1.2-3  gobject-introspection-1.76.1-3

Total Download Size:    1.60 MiB
Total Installed Size:  15.20 MiB

:: Proceed with installation? [Y/n] 
:: Retrieving packages...
 gobject-introspection-1.76.1-3-x86_64 downloading...
 python-mako-1.2.4-3-any downloading...
 python-markdown-3.4.3-2-any downloading...
 python-markupsafe-2.1.2-3-x86_64 downloading...
checking keyring...
checking package integrity...
loading package files...
checking for file conflicts...
checking available disk space...
:: Processing package changes...
installing python-markupsafe...
installing python-mako...
installing python-markdown...
Optional dependencies for python-markdown
    python-yaml: parse Python in YAML metadata
installing gobject-introspection...
:: Running post-transaction hooks...
(1/1) Arming ConditionNeedsUpdate...
==> Making package: wlogout 1.1.1-3 (Sat 03 Jun 2023 06:17:32 PM CEST)
==> Checking runtime dependencies...
==> Checking buildtime dependencies...
==> Retrieving sources...
  -> Found wlogout-1.1.1.tar.gz
  -> Found wlogout-1.1.1.tar.gz.sig
==> Validating source files with md5sums...
    wlogout-1.1.1.tar.gz ... Passed
    wlogout-1.1.1.tar.gz.sig ... Skipped
==> Verifying source file signatures with gpg...
    wlogout-1.1.1.tar.gz ... Passed
==> Removing existing $srcdir/ directory...
==> Extracting sources...
  -> Extracting wlogout-1.1.1.tar.gz with bsdtar
==> Sources are ready.
==> Making package: wlogout 1.1.1-3 (Sat 03 Jun 2023 06:17:34 PM CEST)
==> Checking runtime dependencies...
==> Checking buildtime dependencies...
==> WARNING: Using existing $srcdir/ tree
==> Starting build()...
The Meson build system
Version: 1.1.1
Source dir: /home/jonathan/.cache/yay/wlogout/src
Build dir: /home/jonathan/.cache/yay/wlogout/src/build
Build type: native build
Project name: wlogout
Project version: 1.1.1
C compiler for the host machine: gcc-12 (gcc 12.3.0 "gcc-12 (GCC) 12.3.0")
C linker for the host machine: gcc-12 ld.bfd 2.40.0
Host machine cpu family: x86_64
Host machine cpu: x86_64
Found pkg-config: /usr/bin/pkg-config (1.8.1)
Build-time dependency scdoc found: YES 1.11.2
Program /usr/bin/scdoc found: YES (/usr/bin/scdoc)
Program sh found: YES (/usr/bin/sh)
Found pkg-config: /usr/bin/pkg-config (1.8.1)
Run-time dependency gtk+-wayland-3.0 found: YES 3.24.38
Run-time dependency gtk-layer-shell-0 found: YES 0.8.1
Build targets in project: 3

wlogout 1.1.1

  User defined options
    prefix: /usr

Found ninja-1.11.1 at /usr/bin/ninja
Generating targets:   0%|                                                     | 0/3 [00:00<?, ?it/s]                                                                                                    Writing build.ninja:   0%|                                                   | 0/30 [00:00<?, ?it/s]                                                                                                    WARNING: Running the setup command as `meson [options]` instead of `meson setup [options]` is ambiguous and deprecated.
ninja: Entering directory `build'
[1/4] Generating wlogout.5 with a custom command
[2/4] Generating wlogout.1 with a custom command
[3/4] Compiling C object wlogout.p/main.c.o
[4/4] Linking target wlogout
==> Entering fakeroot environment...
==> Starting package()...
ninja: Entering directory `build'
[0/1] Installing files.
Installing subdir /home/jonathan/.cache/yay/wlogout/src/assets to /home/jonathan/.cache/yay/wlogout/pkg/wlogout/usr/share/wlogout/assets
Installing /home/jonathan/.cache/yay/wlogout/src/assets/CREDIT.md to /home/jonathan/.cache/yay/wlogout/pkg/wlogout/usr/share/wlogout/assets
Installing /home/jonathan/.cache/yay/wlogout/src/assets/hibernate.svg to /home/jonathan/.cache/yay/wlogout/pkg/wlogout/usr/share/wlogout/assets
Installing /home/jonathan/.cache/yay/wlogout/src/assets/lock.svg to /home/jonathan/.cache/yay/wlogout/pkg/wlogout/usr/share/wlogout/assets
Installing /home/jonathan/.cache/yay/wlogout/src/assets/logout.svg to /home/jonathan/.cache/yay/wlogout/pkg/wlogout/usr/share/wlogout/assets
Installing /home/jonathan/.cache/yay/wlogout/src/assets/reboot.svg to /home/jonathan/.cache/yay/wlogout/pkg/wlogout/usr/share/wlogout/assets
Installing /home/jonathan/.cache/yay/wlogout/src/assets/shutdown.svg to /home/jonathan/.cache/yay/wlogout/pkg/wlogout/usr/share/wlogout/assets
Installing /home/jonathan/.cache/yay/wlogout/src/assets/suspend.svg to /home/jonathan/.cache/yay/wlogout/pkg/wlogout/usr/share/wlogout/assets
Installing subdir /home/jonathan/.cache/yay/wlogout/src/icons to /home/jonathan/.cache/yay/wlogout/pkg/wlogout/usr/share/wlogout/icons
Installing /home/jonathan/.cache/yay/wlogout/src/icons/hibernate.png to /home/jonathan/.cache/yay/wlogout/pkg/wlogout/usr/share/wlogout/icons
Installing /home/jonathan/.cache/yay/wlogout/src/icons/lock.png to /home/jonathan/.cache/yay/wlogout/pkg/wlogout/usr/share/wlogout/icons
Installing /home/jonathan/.cache/yay/wlogout/src/icons/logout.png to /home/jonathan/.cache/yay/wlogout/pkg/wlogout/usr/share/wlogout/icons
Installing /home/jonathan/.cache/yay/wlogout/src/icons/reboot.png to /home/jonathan/.cache/yay/wlogout/pkg/wlogout/usr/share/wlogout/icons
Installing /home/jonathan/.cache/yay/wlogout/src/icons/shutdown.png to /home/jonathan/.cache/yay/wlogout/pkg/wlogout/usr/share/wlogout/icons
Installing /home/jonathan/.cache/yay/wlogout/src/icons/suspend.png to /home/jonathan/.cache/yay/wlogout/pkg/wlogout/usr/share/wlogout/icons
Installing wlogout.1 to /home/jonathan/.cache/yay/wlogout/pkg/wlogout/usr/share/man/man1
Installing wlogout.5 to /home/jonathan/.cache/yay/wlogout/pkg/wlogout/usr/share/man/man5
Installing wlogout to /home/jonathan/.cache/yay/wlogout/pkg/wlogout/usr/bin
Installing /home/jonathan/.cache/yay/wlogout/src/completions/wlogout.bash to /home/jonathan/.cache/yay/wlogout/pkg/wlogout/usr/share/bash-completion/completions
Installing /home/jonathan/.cache/yay/wlogout/src/completions/wlogout.fish to /home/jonathan/.cache/yay/wlogout/pkg/wlogout/usr/share/fish/completions
Installing /home/jonathan/.cache/yay/wlogout/src/completions/_wlogout to /home/jonathan/.cache/yay/wlogout/pkg/wlogout/usr/share/zsh/site-functions
Installing /home/jonathan/.cache/yay/wlogout/src/layout to /home/jonathan/.cache/yay/wlogout/pkg/wlogout/etc/wlogout
Installing /home/jonathan/.cache/yay/wlogout/src/style.css to /home/jonathan/.cache/yay/wlogout/pkg/wlogout/etc/wlogout
==> Tidying install...
  -> Removing libtool files...
  -> Purging unwanted files...
  -> Removing static library files...
  -> Stripping unneeded symbols from binaries and libraries...
  -> Compressing man and info pages...
==> Checking for packaging issues...
==> Creating package "wlogout"...
  -> Generating .PKGINFO file...
  -> Generating .BUILDINFO file...
  -> Generating .MTREE file...
  -> Compressing package...
==> Leaving fakeroot environment.
==> Finished making: wlogout 1.1.1-3 (Sat 03 Jun 2023 06:17:38 PM CEST)
==> Cleaning up...
loading packages...
resolving dependencies...
looking for conflicting packages...

Packages (1) wlogout-1.1.1-3

Total Installed Size:  0.12 MiB

:: Proceed with installation? [Y/n] 
checking keyring...
checking package integrity...
loading package files...
checking for file conflicts...
checking available disk space...
:: Processing package changes...
installing wlogout...
Optional dependencies for wlogout
    swaylock: default buttons [installed]
    systemd: default buttons [installed]
:: Running post-transaction hooks...
(1/1) Arming ConditionNeedsUpdate...
Sync Explicit (1): swappy-1.5.1-1
resolving dependencies...
looking for conflicting packages...

Packages (1) swappy-1.5.1-1

Total Download Size:   0.03 MiB
Total Installed Size:  0.12 MiB

:: Proceed with installation? [Y/n] 
:: Retrieving packages...
 swappy-1.5.1-1-x86_64 downloading...
checking keyring...
checking package integrity...
loading package files...
checking for file conflicts...
checking available disk space...
:: Processing package changes...
installing swappy...
Optional dependencies for swappy
    wl-clipboard: for persistent clipboard [installed]
    otf-font-awesome: to draw paint icons
:: Running post-transaction hooks...
(1/3) Arming ConditionNeedsUpdate...
(2/3) Updating icon theme caches...
(3/3) Updating the desktop file MIME type cache...
Sync Explicit (1): grim-1.4.0-3
resolving dependencies...
looking for conflicting packages...

Packages (1) grim-1.4.0-3

Total Download Size:   0.02 MiB
Total Installed Size:  0.04 MiB

:: Proceed with installation? [Y/n] 
:: Retrieving packages...
 grim-1.4.0-3-x86_64 downloading...
checking keyring...
checking package integrity...
loading package files...
checking for file conflicts...
checking available disk space...
:: Processing package changes...
installing grim...
:: Running post-transaction hooks...
(1/1) Arming ConditionNeedsUpdate...
Sync Explicit (1): slurp-1.4.0-1
resolving dependencies...
looking for conflicting packages...

Packages (1) slurp-1.4.0-1

Total Download Size:   0.02 MiB
Total Installed Size:  0.05 MiB

:: Proceed with installation? [Y/n] 
:: Retrieving packages...
 slurp-1.4.0-1-x86_64 downloading...
checking keyring...
checking package integrity...
loading package files...
checking for file conflicts...
checking available disk space...
:: Processing package changes...
installing slurp...
:: Running post-transaction hooks...
(1/1) Arming ConditionNeedsUpdate...
Sync Explicit (1): thunar-4.18.6-1
resolving dependencies...
looking for conflicting packages...

Packages (8) exo-4.18.0-1  libexif-0.6.24-2  libgtop-2.41.1-1  libxfce4ui-4.18.4-1  libxfce4util-4.18.1-1  startup-notification-0.12-8  xfconf-4.18.1-1  thunar-4.18.6-1

Total Download Size:    2.84 MiB
Total Installed Size:  19.08 MiB

:: Proceed with installation? [Y/n] 
:: Retrieving packages...
 thunar-4.18.6-1-x86_64 downloading...
 libexif-0.6.24-2-x86_64 downloading...
 libxfce4ui-4.18.4-1-x86_64 downloading...
 exo-4.18.0-1-x86_64 downloading...
 libgtop-2.41.1-1-x86_64 downloading...
 startup-notification-0.12-8-x86_64 downloading...
checking keyring...
checking package integrity...
loading package files...
checking for file conflicts...
checking available disk space...
:: Processing package changes...
installing libexif...
installing libxfce4util...
installing xfconf...
installing startup-notification...
installing libgtop...
installing libxfce4ui...
installing exo...
installing thunar...
Optional dependencies for thunar
    gvfs: trash support, mounting with udisk and remote filesystems
    tumbler: thumbnail previews
    thunar-volman: removable device management
    thunar-archive-plugin: archive creation and extraction
    thunar-media-tags-plugin: view/edit ID3/OGG tags
:: Running post-transaction hooks...
(1/5) Arming ConditionNeedsUpdate...
(2/5) Updating GIO module cache...
(3/5) Updating icon theme caches...
(4/5) Updating the info directory file...
(5/5) Updating the desktop file MIME type cache...
Sync Explicit (1): btop-1.2.13-1
resolving dependencies...
looking for conflicting packages...

Packages (1) btop-1.2.13-1

Total Download Size:   0.47 MiB
Total Installed Size:  1.32 MiB

:: Proceed with installation? [Y/n] 
:: Retrieving packages...
 btop-1.2.13-1-x86_64 downloading...
checking keyring...
checking package integrity...
loading package files...
checking for file conflicts...
checking available disk space...
:: Processing package changes...
installing btop...
:: Running post-transaction hooks...
(1/3) Arming ConditionNeedsUpdate...
(2/3) Updating icon theme caches...
(3/3) Updating the desktop file MIME type cache...
Sync Explicit (1): thunderbird-102.11.2-1
resolving dependencies...
looking for conflicting packages...

Packages (3) botan2-2.19.3-1  hunspell-1.7.2-1  thunderbird-102.11.2-1

Total Download Size:    54.12 MiB
Total Installed Size:  216.43 MiB

:: Proceed with installation? [Y/n] 
:: Retrieving packages...
 thunderbird-102.11.2-1-x86_64 downloading...
 botan2-2.19.3-1-x86_64 downloading...
 hunspell-1.7.2-1-x86_64 downloading...
checking keyring...
checking package integrity...
loading package files...
checking for file conflicts...
checking available disk space...
:: Processing package changes...
installing hunspell...
Optional dependencies for hunspell
    perl: for ispellaff2myspell [installed]
installing botan2...
Optional dependencies for botan2
    python: for using botan2.py [installed]
installing thunderbird...
Optional dependencies for thunderbird
    libotr: OTR support for active one-to-one chats
    libnotify: Notification integration [installed]
:: Running post-transaction hooks...
(1/3) Arming ConditionNeedsUpdate...
(2/3) Updating icon theme caches...
(3/3) Updating the desktop file MIME type cache...
Sync Explicit (1): mpv-1:0.35.1-6
resolving dependencies...
looking for conflicting packages...

Packages (11) libcdio-2.1.0-3  libcdio-paranoia-10.2+2.0.1-3  libdvdnav-6.1.1-2  libdvdread-6.1.3-2  libsamplerate-0.2.2-2  libxpresent-1.0.1-1  luajit-2.1.0.beta3.r481.g51fb2f2c-1  mujs-1.3.3-1  rubberband-3.2.1-1  uchardet-0.0.8-1  mpv-1:0.35.1-6

Total Download Size:    4.39 MiB
Total Installed Size:  12.51 MiB

:: Proceed with installation? [Y/n] 
:: Retrieving packages...
 mpv-1:0.35.1-6-x86_64 downloading...
 libsamplerate-0.2.2-2-x86_64 downloading...
 luajit-2.1.0.beta3.r481.g51fb2f2c-1-x86_64 downloading...
 mujs-1.3.3-1-x86_64 downloading...
 rubberband-3.2.1-1-x86_64 downloading...
 libcdio-2.1.0-3-x86_64 downloading...
 libdvdread-6.1.3-2-x86_64 downloading...
 uchardet-0.0.8-1-x86_64 downloading...
 libcdio-paranoia-10.2+2.0.1-3-x86_64 downloading...
 libdvdnav-6.1.1-2-x86_64 downloading...
 libxpresent-1.0.1-1-x86_64 downloading...
checking keyring...
checking package integrity...
loading package files...
checking for file conflicts...
checking available disk space...
:: Processing package changes...
installing libcdio...
installing libcdio-paranoia...
installing libdvdread...
Optional dependencies for libdvdread
    libdvdcss: Decoding encrypted DVDs
installing libdvdnav...
installing libxpresent...
installing luajit...
installing mujs...
installing libsamplerate...
installing rubberband...
installing uchardet...
installing mpv...
Optional dependencies for mpv
    yt-dlp: for video-sharing websites playback
    youtube-dl: for video-sharing websites playback
:: Running post-transaction hooks...
(1/4) Arming ConditionNeedsUpdate...
(2/4) Updating icon theme caches...
(3/4) Updating the info directory file...
(4/4) Updating the desktop file MIME type cache...
Sync Explicit (1): pamixer-1.6-2
resolving dependencies...
looking for conflicting packages...

Packages (1) pamixer-1.6-2

Total Download Size:   0.09 MiB
Total Installed Size:  0.25 MiB

:: Proceed with installation? [Y/n] 
:: Retrieving packages...
 pamixer-1.6-2-x86_64 downloading...
checking keyring...
checking package integrity...
loading package files...
checking for file conflicts...
checking available disk space...
:: Processing package changes...
installing pamixer...
:: Running post-transaction hooks...
(1/1) Arming ConditionNeedsUpdate...
Sync Explicit (1): brightnessctl-0.5.1-2
resolving dependencies...
looking for conflicting packages...

Packages (1) brightnessctl-0.5.1-2

Total Download Size:   0.01 MiB
Total Installed Size:  0.03 MiB

:: Proceed with installation? [Y/n] 
:: Retrieving packages...
 brightnessctl-0.5.1-2-x86_64 downloading...
checking keyring...
checking package integrity...
loading package files...
checking for file conflicts...
checking available disk space...
:: Processing package changes...
installing brightnessctl...
:: Running post-transaction hooks...
(1/1) Arming ConditionNeedsUpdate...
Sync Explicit (1): bluez-utils-5.66-1
resolving dependencies...
looking for conflicting packages...

Packages (1) bluez-utils-5.66-1

Total Download Size:   0.95 MiB
Total Installed Size:  3.77 MiB

:: Proceed with installation? [Y/n] 
:: Retrieving packages...
 bluez-utils-5.66-1-x86_64 downloading...
checking keyring...
checking package integrity...
loading package files...
checking for file conflicts...
checking available disk space...
:: Processing package changes...
installing bluez-utils...
Optional dependencies for bluez-utils
    ell: for btpclient [installed]
:: Running post-transaction hooks...
(1/1) Arming ConditionNeedsUpdate...
Sync Explicit (1): blueman-2.3.5-2
resolving dependencies...
looking for conflicting packages...

Packages (2) python-cairo-1.23.0-6  blueman-2.3.5-2

Total Download Size:   1.49 MiB
Total Installed Size:  5.44 MiB

:: Proceed with installation? [Y/n] 
:: Retrieving packages...
 blueman-2.3.5-2-x86_64 downloading...
 python-cairo-1.23.0-6-x86_64 downloading...
checking keyring...
checking package integrity...
loading package files...
checking for file conflicts...
checking available disk space...
:: Processing package changes...
installing python-cairo...
installing blueman...
Optional dependencies for blueman
    dnsmasq: Network Access Point (NAP) support
    iproute2: Network Access Point (NAP) support [installed]
    networkmanager: Dial Up Networking (DUN) and Personal Area Networking (PAN) support [installed]
    pulseaudio-bluetooth: audio devices support [installed]
:: Running post-transaction hooks...
(1/6) Reloading system manager configuration...
(2/6) Arming ConditionNeedsUpdate...
(3/6) Reloading system bus configuration...
(4/6) Compiling GSettings XML schema files...
(5/6) Updating icon theme caches...
(6/6) Updating the desktop file MIME type cache...
Sync Explicit (1): network-manager-applet-1.32.0-2
resolving dependencies...
looking for conflicting packages...

Packages (5) gcr-4-4.1.0-1  libnma-1.10.6-2  libnma-common-1.10.6-2  nm-connection-editor-1.32.0-2  network-manager-applet-1.32.0-2

Total Download Size:   1.77 MiB
Total Installed Size:  9.51 MiB

:: Proceed with installation? [Y/n] 
:: Retrieving packages...
 nm-connection-editor-1.32.0-2-x86_64 downloading...
 gcr-4-4.1.0-1-x86_64 downloading...
 libnma-common-1.10.6-2-x86_64 downloading...
 network-manager-applet-1.32.0-2-x86_64 downloading...
 libnma-1.10.6-2-x86_64 downloading...
checking keyring...
checking package integrity...
loading package files...
checking for file conflicts...
checking available disk space...
:: Processing package changes...
installing gcr-4...
Created symlink /etc/systemd/user/sockets.target.wants/gcr-ssh-agent.socket â†’ /usr/lib/systemd/user/gcr-ssh-agent.socket.
Optional dependencies for gcr-4
    gtk4: gcr-viewer-gtk4
installing libnma-common...
installing libnma...
installing nm-connection-editor...
installing network-manager-applet...
:: Running post-transaction hooks...
(1/4) Arming ConditionNeedsUpdate...
(2/4) Compiling GSettings XML schema files...
(3/4) Updating icon theme caches...
(4/4) Updating the desktop file MIME type cache...
Sync Explicit (1): gvfs-1.50.4-3
resolving dependencies...
looking for conflicting packages...

Packages (2) gcr-3.41.1-4  gvfs-1.50.4-3

Total Download Size:   1.70 MiB
Total Installed Size:  9.06 MiB

:: Proceed with installation? [Y/n] 
:: Retrieving packages...
 gvfs-1.50.4-3-x86_64 downloading...
 gcr-3.41.1-4-x86_64 downloading...
checking keyring...
checking package integrity...
loading package files...
checking for file conflicts...
checking available disk space...
:: Processing package changes...
installing gcr...
installing gvfs...
Optional dependencies for gvfs
    gtk3: Recent files support [installed]
    gvfs-afc: AFC (mobile devices) support
    gvfs-goa: gnome-online-accounts (e.g. OwnCloud) support
    gvfs-google: Google Drive support
    gvfs-gphoto2: gphoto2 (PTP camera/MTP media player) support
    gvfs-mtp: MTP device support
    gvfs-nfs: NFS support
    gvfs-smb: SMB/CIFS (Windows client) support
:: Running post-transaction hooks...
(1/8) Creating temporary files...
(2/8) Arming ConditionNeedsUpdate...
(3/8) Updating the MIME type database...
(4/8) Updating GIO module cache...
(5/8) Compiling GSettings XML schema files...
(6/8) Updating icon theme caches...
(7/8) Reloading GVFS config...
(8/8) Updating the desktop file MIME type cache...
Sync Explicit (1): thunar-archive-plugin-0.5.1-1
resolving dependencies...
looking for conflicting packages...

Packages (1) thunar-archive-plugin-0.5.1-1

Total Download Size:   0.04 MiB
Total Installed Size:  0.17 MiB

:: Proceed with installation? [Y/n] 
:: Retrieving packages...
 thunar-archive-plugin-0.5.1-1-x86_64 downloading...
checking keyring...
checking package integrity...
loading package files...
checking for file conflicts...
checking available disk space...
:: Processing package changes...
installing thunar-archive-plugin...
Optional dependencies for thunar-archive-plugin
    file-roller
    engrampa
    ark
    xarchiver
:: Running post-transaction hooks...
(1/2) Arming ConditionNeedsUpdate...
(2/2) Updating icon theme caches...
Sync Explicit (1): file-roller-43.0-2
resolving dependencies...
looking for conflicting packages...

Packages (6) libhandy-1.8.2-1  libportal-0.6-1  libportal-gtk3-0.6-1  unzip-6.0-19  zip-3.0-10  file-roller-43.0-2

Total Download Size:   1.62 MiB
Total Installed Size:  7.89 MiB

:: Proceed with installation? [Y/n] 
:: Retrieving packages...
 file-roller-43.0-2-x86_64 downloading...
 libhandy-1.8.2-1-x86_64 downloading...
 zip-3.0-10-x86_64 downloading...
 unzip-6.0-19-x86_64 downloading...
 libportal-0.6-1-x86_64 downloading...
 libportal-gtk3-0.6-1-x86_64 downloading...
checking keyring...
checking package integrity...
loading package files...
checking for file conflicts...
checking available disk space...
:: Processing package changes...
installing libhandy...
installing libportal...
installing libportal-gtk3...
installing unzip...
installing zip...
installing file-roller...
Optional dependencies for file-roller
    lrzip: lrzip archive support
    p7zip: 7z, arj, exe and encrypted zip files support [installed]
    squashfs-tools: squashfs image support
    unace: ACE archive support
    unrar: better RAR archive support
:: Running post-transaction hooks...
(1/4) Arming ConditionNeedsUpdate...
(2/4) Compiling GSettings XML schema files...
(3/4) Updating icon theme caches...
(4/4) Updating the desktop file MIME type cache...
Sync Explicit (1): starship-1.14.2-1
resolving dependencies...
looking for conflicting packages...

Packages (1) starship-1.14.2-1

Total Download Size:   2.62 MiB
Total Installed Size:  9.00 MiB

:: Proceed with installation? [Y/n] 
:: Retrieving packages...
 starship-1.14.2-1-x86_64 downloading...
checking keyring...
checking package integrity...
loading package files...
checking for file conflicts...
checking available disk space...
:: Processing package changes...
installing starship...
Optional dependencies for starship
    ttf-font-nerd: Nerd Font Symbols preset
:: Running post-transaction hooks...
(1/1) Arming ConditionNeedsUpdate...
Sync Explicit (1): papirus-icon-theme-20230601-1
resolving dependencies...
looking for conflicting packages...

Packages (1) papirus-icon-theme-20230601-1

Total Download Size:    23.29 MiB
Total Installed Size:  114.57 MiB

:: Proceed with installation? [Y/n] 
:: Retrieving packages...
 papirus-icon-theme-20230601-1-any downloading...
checking keyring...
checking package integrity...
loading package files...
checking for file conflicts...
checking available disk space...
:: Processing package changes...
installing papirus-icon-theme...
:: Running post-transaction hooks...
(1/2) Arming ConditionNeedsUpdate...
(2/2) Updating icon theme caches...
Sync Explicit (1): ttf-jetbrains-mono-nerd-3.0.1-1
resolving dependencies...
looking for conflicting packages...

Packages (1) ttf-jetbrains-mono-nerd-3.0.1-1

Total Download Size:     6.09 MiB
Total Installed Size:  184.10 MiB

:: Proceed with installation? [Y/n] 
:: Retrieving packages...
 ttf-jetbrains-mono-nerd-3.0.1-1-any downloading...
checking keyring...
checking package integrity...
loading package files...
checking for file conflicts...
checking available disk space...
:: Processing package changes...
installing ttf-jetbrains-mono-nerd...
:: Running post-transaction hooks...
(1/2) Arming ConditionNeedsUpdate...
(2/2) Updating fontconfig cache...
Sync Explicit (1): noto-fonts-emoji-20220920-1
resolving dependencies...
looking for conflicting packages...

Packages (1) noto-fonts-emoji-20220920-1

Total Download Size:   8.95 MiB
Total Installed Size:  9.88 MiB

:: Proceed with installation? [Y/n] 
:: Retrieving packages...
 noto-fonts-emoji-20220920-1-any downloading...
checking keyring...
checking package integrity...
loading package files...
checking for file conflicts...
checking available disk space...
:: Processing package changes...
installing noto-fonts-emoji...
:: Running post-transaction hooks...
(1/2) Arming ConditionNeedsUpdate...
(2/2) Updating fontconfig cache...
Sync Explicit (1): lxappearance-0.6.3-4
resolving dependencies...
looking for conflicting packages...

Packages (2) gtk2-2.24.33-3  lxappearance-0.6.3-4

Total Download Size:    5.84 MiB
Total Installed Size:  36.96 MiB

:: Proceed with installation? [Y/n] 
:: Retrieving packages...
 gtk2-2.24.33-3-x86_64 downloading...
 lxappearance-0.6.3-4-x86_64 downloading...
checking keyring...
checking package integrity...
loading package files...
checking for file conflicts...
checking available disk space...
:: Processing package changes...
installing gtk2...
Optional dependencies for gtk2
    adwaita-icon-theme: Default icon theme [installed]
    gnome-themes-standard: Default widget theme
    python: gtk-builder-convert [installed]
installing lxappearance...
:: Running post-transaction hooks...
(1/3) Arming ConditionNeedsUpdate...
(2/3) Probing GTK2 input method modules...
(3/3) Updating the desktop file MIME type cache...
Sync Explicit (1): xfce4-settings-4.18.2-1
resolving dependencies...
looking for conflicting packages...

Packages (6) colord-1.4.6-1  elementary-icon-theme-7.3.0-1  garcon-4.18.1-1  gnome-themes-extra-3.28+r6+g45b1d457-1  libgusb-0.4.5-1  xfce4-settings-4.18.2-1

Total Download Size:    8.95 MiB
Total Installed Size:  50.65 MiB

:: Proceed with installation? [Y/n] 
:: Retrieving packages...
 elementary-icon-theme-7.3.0-1-any downloading...
 gnome-themes-extra-3.28+r6+g45b1d457-1-x86_64 downloading...
 colord-1.4.6-1-x86_64 downloading...
 libgusb-0.4.5-1-x86_64 downloading...
 xfce4-settings-4.18.2-1-x86_64 downloading...
 garcon-4.18.1-1-x86_64 downloading...
checking keyring...
checking package integrity...
loading package files...
checking for file conflicts...
checking available disk space...
:: Processing package changes...
installing garcon...
installing libgusb...
installing colord...
Optional dependencies for colord
    argyllcms: color profiling
    colord-sane: SANE support
installing elementary-icon-theme...
installing gnome-themes-extra...
Optional dependencies for gnome-themes-extra
    gtk-engines: HighContrast GTK2 theme
installing xfce4-settings...
Optional dependencies for xfce4-settings
    python: xfce4-compose-mail -- "mailto:" URI handling [installed]
:: Running post-transaction hooks...
(1/9) Creating system user accounts...
Creating group 'colord' with GID 969.
Creating user 'colord' (Color management daemon) with UID 969 and GID 969.
(2/9) Reloading system manager configuration...
(3/9) Creating temporary files...
(4/9) Reloading device manager configuration...
(5/9) Arming ConditionNeedsUpdate...
(6/9) Reloading system bus configuration...
(7/9) Compiling GSettings XML schema files...
(8/9) Updating icon theme caches...
(9/9) Updating the desktop file MIME type cache...
AUR Explicit (1): nwg-look-bin-0.2.2-1
Sync Dependency (1): xcur2png-0.7.1-7
:: [1m(1/1) Downloaded PKGBUILD: nwg-look-bin[0m
  1 nwg-look-bin                             (Build Files Exist)
==> Packages to cleanBuild?
==> [N]one [A]ll [Ab]ort [I]nstalled [No]tInstalled or (1 2 3, 1-3, ^4)
==> 
  1 nwg-look-bin                             (Build Files Exist)
==> Diffs to show?
==> [N]one [A]ll [Ab]ort [I]nstalled [No]tInstalled or (1 2 3, 1-3, ^4)
==> 
==> Making package: nwg-look-bin 0.2.2-1 (Sat 03 Jun 2023 06:20:35 PM CEST)
==> Retrieving sources...
  -> Downloading nwg-look-bin-0.2.2.tar.gz...
  % Total    % Received % Xferd  Average Speed   Time    Time     Time  Current
                                 Dload  Upload   Total   Spent    Left  Speed
  0     0    0     0    0     0      0      0 --:--:-- --:--:-- --:--:--     0  0     0    0     0    0     0      0      0 --:--:-- --:--:-- --:--:--     0
 49 3036k   49 1495k    0     0  1506k      0  0:00:02 --:--:--  0:00:02 1506k100 3036k  100 3036k    0     0  2090k      0  0:00:01  0:00:01 --:--:-- 3358k
==> Validating source files with md5sums...
    nwg-look-bin-0.2.2.tar.gz ... Passed
:: [1m(1/1) Parsing SRCINFO: nwg-look-bin[0m
resolving dependencies...
looking for conflicting packages...

Packages (1) xcur2png-0.7.1-7

Total Download Size:   0.01 MiB
Total Installed Size:  0.03 MiB

:: Proceed with installation? [Y/n] 
:: Retrieving packages...
 xcur2png-0.7.1-7-x86_64 downloading...
checking keyring...
checking package integrity...
loading package files...
checking for file conflicts...
checking available disk space...
:: Processing package changes...
installing xcur2png...
:: Running post-transaction hooks...
(1/1) Arming ConditionNeedsUpdate...
==> Making package: nwg-look-bin 0.2.2-1 (Sat 03 Jun 2023 06:20:39 PM CEST)
==> Checking runtime dependencies...
==> Checking buildtime dependencies...
==> Retrieving sources...
  -> Found nwg-look-bin-0.2.2.tar.gz
==> Validating source files with md5sums...
    nwg-look-bin-0.2.2.tar.gz ... Passed
==> Removing existing $srcdir/ directory...
==> Extracting sources...
  -> Extracting nwg-look-bin-0.2.2.tar.gz with bsdtar
==> Sources are ready.
==> Making package: nwg-look-bin 0.2.2-1 (Sat 03 Jun 2023 06:20:41 PM CEST)
==> Checking runtime dependencies...
==> Checking buildtime dependencies...
==> WARNING: Using existing $srcdir/ tree
==> Entering fakeroot environment...
==> Starting package()...
==> Tidying install...
  -> Removing libtool files...
  -> Purging unwanted files...
  -> Removing static library files...
  -> Stripping unneeded symbols from binaries and libraries...
  -> Compressing man and info pages...
==> Checking for packaging issues...
==> Creating package "nwg-look-bin"...
  -> Generating .PKGINFO file...
  -> Generating .BUILDINFO file...
  -> Generating .MTREE file...
  -> Compressing package...
==> Leaving fakeroot environment.
==> Finished making: nwg-look-bin 0.2.2-1 (Sat 03 Jun 2023 06:20:42 PM CEST)
==> Cleaning up...
loading packages...
resolving dependencies...
looking for conflicting packages...

Packages (1) nwg-look-bin-0.2.2-1

Total Installed Size:  4.00 MiB

:: Proceed with installation? [Y/n] 
checking keyring...
checking package integrity...
loading package files...
checking for file conflicts...
checking available disk space...
:: Processing package changes...
installing nwg-look-bin...
:: Running post-transaction hooks...
(1/2) Arming ConditionNeedsUpdate...
(2/2) Updating the desktop file MIME type cache...
Created symlink /etc/systemd/system/dbus-org.bluez.service â†’ /usr/lib/systemd/system/bluetooth.service.
Created symlink /etc/systemd/system/bluetooth.target.wants/bluetooth.service â†’ /usr/lib/systemd/system/bluetooth.service.
error: target not found: xdg-desktop-portal-gnome
error: target not found: xdg-desktop-portal-gtk
 -> exit status 1
[Theme]
Current=sdt
